Using pre-set license
Built from '2021.3/staging' branch; Version is '2021.3.0f1 (6eacc8284459) revision 7253192'; Using compiler version '192829333'; Build Type 'Release'
OS: 'Windows 10  (10.0.19044) 64bit Professional' Language: 'ru' Physical Memory: 12128 MB
BatchMode: 1, IsHumanControllingUs: 0, StartBugReporterOnCrash: 0, Is64bit: 1, IsPro: 1

COMMAND LINE ARGUMENTS:
C:\Program Files\Unity Editors\2021.3.0f1\Editor\Unity.exe
-adb2
-batchMode
-noUpm
-name
AssetImportWorker0
-projectPath
C:/Users/alexa/Projects/Treasury-Unity-Client
-logFile
Logs/AssetImportWorker0.log
-srvPort
59602
Successfully changed project path to: C:/Users/alexa/Projects/Treasury-Unity-Client
C:/Users/alexa/Projects/Treasury-Unity-Client
[UnityMemory] Configuration Parameters - Can be set up in boot.config
    "memorysetup-bucket-allocator-granularity=16"
    "memorysetup-bucket-allocator-bucket-count=8"
    "memorysetup-bucket-allocator-block-size=33554432"
    "memorysetup-bucket-allocator-block-count=8"
    "memorysetup-main-allocator-block-size=16777216"
    "memorysetup-thread-allocator-block-size=16777216"
    "memorysetup-gfx-main-allocator-block-size=16777216"
    "memorysetup-gfx-thread-allocator-block-size=16777216"
    "memorysetup-cache-allocator-block-size=4194304"
    "memorysetup-typetree-allocator-block-size=2097152"
    "memorysetup-profiler-bucket-allocator-granularity=16"
    "memorysetup-profiler-bucket-allocator-bucket-count=8"
    "memorysetup-profiler-bucket-allocator-block-size=33554432"
    "memorysetup-profiler-bucket-allocator-block-count=8"
    "memorysetup-profiler-allocator-block-size=16777216"
    "memorysetup-profiler-editor-allocator-block-size=1048576"
    "memorysetup-temp-allocator-size-main=16777216"
    "memorysetup-job-temp-allocator-block-size=2097152"
    "memorysetup-job-temp-allocator-block-size-background=1048576"
    "memorysetup-job-temp-allocator-reduction-small-platforms=262144"
    "memorysetup-temp-allocator-size-background-worker=32768"
    "memorysetup-temp-allocator-size-job-worker=262144"
    "memorysetup-temp-allocator-size-preload-manager=33554432"
    "memorysetup-temp-allocator-size-nav-mesh-worker=65536"
    "memorysetup-temp-allocator-size-audio-worker=65536"
    "memorysetup-temp-allocator-size-cloud-worker=32768"
    "memorysetup-temp-allocator-size-gi-baking-worker=262144"
    "memorysetup-temp-allocator-size-gfx=262144"
Refreshing native plugins compatible for Editor in 146.11 ms, found 2 plugins.
Preloading 0 native plugins for Editor in 0.00 ms.
Initialize engine version: 2021.3.0f1 (6eacc8284459)
[Subsystems] Discovering subsystems at path C:/Program Files/Unity Editors/2021.3.0f1/Editor/Data/Resources/UnitySubsystems
[Subsystems] Discovering subsystems at path C:/Users/alexa/Projects/Treasury-Unity-Client/Assets
GfxDevice: creating device client; threaded=0; jobified=0
Direct3D:
    Version:  Direct3D 11.0 [level 11.1]
    Renderer: NVIDIA GeForce GTX 1050 (ID=0x1c8d)
    Vendor:   NVIDIA
    VRAM:     4019 MB
    Driver:   30.0.15.1215
Initialize mono
Mono path[0] = 'C:/Program Files/Unity Editors/2021.3.0f1/Editor/Data/Managed'
Mono path[1] = 'C:/Program Files/Unity Editors/2021.3.0f1/Editor/Data/MonoBleedingEdge/lib/mono/unityjit-win32'
Mono config path = 'C:/Program Files/Unity Editors/2021.3.0f1/Editor/Data/MonoBleedingEdge/etc'
Using monoOptions --debugger-agent=transport=dt_socket,embedding=1,server=y,suspend=n,address=127.0.0.1:56164
Begin MonoManager ReloadAssembly
Registering precompiled unity dll's ...
Register platform support module: C:/Program Files/Unity Editors/2021.3.0f1/Editor/Data/PlaybackEngines/AndroidPlayer/UnityEditor.Android.Extensions.dll
Register platform support module: C:/Program Files/Unity Editors/2021.3.0f1/Editor/Data/PlaybackEngines/iOSSupport/UnityEditor.iOS.Extensions.dll
Register platform support module: C:/Program Files/Unity Editors/2021.3.0f1/Editor/Data/PlaybackEngines/WindowsStandaloneSupport/UnityEditor.WindowsStandalone.Extensions.dll
Register platform support module: C:/Program Files/Unity Editors/2021.3.0f1/Editor/Data/PlaybackEngines/LinuxStandaloneSupport/UnityEditor.LinuxStandalone.Extensions.dll
Registered in 0.018169 seconds.
Native extension for LinuxStandalone target not found
Native extension for WindowsStandalone target not found
[usbmuxd] Start listen thread
[usbmuxd] Listen thread started
Native extension for iOS target not found
Native extension for Android target not found
Refreshing native plugins compatible for Editor in 124.01 ms, found 2 plugins.
Preloading 0 native plugins for Editor in 0.00 ms.
Mono: successfully reloaded assembly
- Completed reload, in  1.949 seconds
Domain Reload Profiling:
	ReloadAssembly (1950ms)
		BeginReloadAssembly (170ms)
			ExecutionOrderSort (0ms)
			DisableScriptedObjects (0ms)
			BackupInstance (0ms)
			ReleaseScriptingObjects (0ms)
			CreateAndSetChildDomain (1ms)
		EndReloadAssembly (1530ms)
			LoadAssemblies (166ms)
			RebuildTransferFunctionScriptingTraits (0ms)
			SetupTypeCache (284ms)
			ReleaseScriptCaches (0ms)
			RebuildScriptCaches (162ms)
			SetupLoadedEditorAssemblies (703ms)
				LogAssemblyErrors (0ms)
				InitializePlatformSupportModulesInManaged (236ms)
				SetLoadedEditorAssemblies (0ms)
				RefreshPlugins (124ms)
				BeforeProcessingInitializeOnLoad (3ms)
				ProcessInitializeOnLoadAttributes (231ms)
				ProcessInitializeOnLoadMethodAttributes (108ms)
				AfterProcessingInitializeOnLoad (0ms)
				EditorAssembliesLoaded (0ms)
			ExecutionOrderSort2 (0ms)
			AwakeInstancesAfterBackupRestoration (0ms)
Platform modules already initialized, skipping
Registering precompiled user dll's ...
Registered in 0.013203 seconds.
Android Extension - Scanning For ADB Devices 911 ms
Begin MonoManager ReloadAssembly
Symbol file LoadedFromMemory is not a mono symbol file
Native extension for LinuxStandalone target not found
Native extension for WindowsStandalone target not found
Native extension for iOS target not found
Native extension for Android target not found
Refreshing native plugins compatible for Editor in 165.89 ms, found 2 plugins.
Preloading 0 native plugins for Editor in 0.00 ms.
Mono: successfully reloaded assembly
- Completed reload, in  4.435 seconds
Domain Reload Profiling:
	ReloadAssembly (4437ms)
		BeginReloadAssembly (288ms)
			ExecutionOrderSort (0ms)
			DisableScriptedObjects (18ms)
			BackupInstance (0ms)
			ReleaseScriptingObjects (0ms)
			CreateAndSetChildDomain (37ms)
		EndReloadAssembly (3811ms)
			LoadAssemblies (289ms)
			RebuildTransferFunctionScriptingTraits (0ms)
			SetupTypeCache (699ms)
			ReleaseScriptCaches (3ms)
			RebuildScriptCaches (318ms)
			SetupLoadedEditorAssemblies (2323ms)
				LogAssemblyErrors (0ms)
				InitializePlatformSupportModulesInManaged (87ms)
				SetLoadedEditorAssemblies (0ms)
				RefreshPlugins (166ms)
				BeforeProcessingInitializeOnLoad (350ms)
				ProcessInitializeOnLoadAttributes (1500ms)
				ProcessInitializeOnLoadMethodAttributes (196ms)
				AfterProcessingInitializeOnLoad (22ms)
				EditorAssembliesLoaded (0ms)
			ExecutionOrderSort2 (0ms)
			AwakeInstancesAfterBackupRestoration (13ms)
Platform modules already initialized, skipping
========================================================================
Worker process is ready to serve import requests
Launched and connected shader compiler UnityShaderCompiler.exe after 0.22 seconds
Refreshing native plugins compatible for Editor in 1.20 ms, found 2 plugins.
Preloading 0 native plugins for Editor in 0.00 ms.
Unloading 4134 Unused Serialized files (Serialized files now loaded: 0)
Unloading 184 unused Assets / (0.8 MB). Loaded Objects now: 4578.
Memory consumption went from 187.5 MB to 186.7 MB.
Total: 15.098100 ms (FindLiveObjects: 0.560200 ms CreateObjectMapping: 0.539600 ms MarkObjects: 13.140600 ms  DeleteObjects: 0.855400 ms)

AssetImportParameters requested are different than current active one (requested -> active):
  custom:video-decoder-ogg-theora: a1e56fd34408186e4bbccfd4996cb3dc -> 
  custom:container-muxer-webm: aa71ff27fc2769a1b78a27578f13a17b -> 
  custom:container-demuxer-webm: 4f35f7cbe854078d1ac9338744f61a02 -> 
  custom:video-encoder-webm-vp8: eb34c28f22e8b96e1ab97ce403110664 -> 
  custom:audio-encoder-webm-vorbis: bf7c407c2cedff20999df2af8eb42d56 -> 
  custom:framework-win-MediaFoundation: 216162199b28c13a410421893ffa2e32 -> 
  custom:container-demuxer-ogg: 62fdf1f143b41e24485cea50d1cbac27 -> 
  custom:video-decoder-webm-vp8: 9c59270c3fd7afecdb556c50c9e8de78 -> 
  custom:audio-decoder-ogg-vorbis: bf7c407c2cedff20999df2af8eb42d56 -> 
========================================================================
Received Import Request.
  Time since last request: 55592.683092 seconds.
  path: Assets/UniversalRenderPipelineGlobalSettings.asset
  artifactKey: Guid(6c8bbf5f169ec6546911eb4d7db611c3) Importer(815301076,1909f56bfc062723c751e8b465ee728b)
Start importing Assets/UniversalRenderPipelineGlobalSettings.asset using Guid(6c8bbf5f169ec6546911eb4d7db611c3) Importer(815301076,1909f56bfc062723c751e8b465ee728b)  -> (artifact id: '77b937fe9e501cf1abc4746100176fbf') in 0.093703 seconds 
========================================================================
Received Import Request.
  Time since last request: 498.250479 seconds.
  path: Assets/Scripts
  artifactKey: Guid(4ea9031684dea644ba3dd179850877e6) Importer(815301076,1909f56bfc062723c751e8b465ee728b)
Start importing Assets/Scripts using Guid(4ea9031684dea644ba3dd179850877e6) Importer(815301076,1909f56bfc062723c751e8b465ee728b)  -> (artifact id: '679e569d478f013b8002850f20de359f') in 0.010288 seconds 
========================================================================
Received Import Request.
  Time since last request: 7.429086 seconds.
  path: Assets/Plugins/TextMesh Pro
  artifactKey: Guid(c2f6731727d3fcb42a59644b291c0a4f) Importer(815301076,1909f56bfc062723c751e8b465ee728b)
Start importing Assets/Plugins/TextMesh Pro using Guid(c2f6731727d3fcb42a59644b291c0a4f) Importer(815301076,1909f56bfc062723c751e8b465ee728b)  -> (artifact id: '334d210653dc56ce5842d39920fb0f4a') in 0.012467 seconds 
========================================================================
Received Import Request.
  Time since last request: 17.681940 seconds.
  path: Assets/Plugins/PluginsAssemblyDefinition.asmdef
  artifactKey: Guid(1a54de423035f654f887f16e7bcc3baf) Importer(815301076,1909f56bfc062723c751e8b465ee728b)
Start importing Assets/Plugins/PluginsAssemblyDefinition.asmdef using Guid(1a54de423035f654f887f16e7bcc3baf) Importer(815301076,1909f56bfc062723c751e8b465ee728b)  -> (artifact id: 'da4e07f7849ae81520de4e1ea1bc7b20') in 0.012571 seconds 
========================================================================
Received Import Request.
  Time since last request: 0.980805 seconds.
  path: Assets/Plugins/NavMesh
  artifactKey: Guid(2433e8317d6ffc3419612ef5d34fa69f) Importer(815301076,1909f56bfc062723c751e8b465ee728b)
Start importing Assets/Plugins/NavMesh using Guid(2433e8317d6ffc3419612ef5d34fa69f) Importer(815301076,1909f56bfc062723c751e8b465ee728b)  -> (artifact id: 'ffd43cab0f9e36066eeb07feda27e19f') in 0.009706 seconds 
========================================================================
Received Import Request.
  Time since last request: 7.445131 seconds.
  path: Assets/Settings/UniversalRP-HighQuality.asset
  artifactKey: Guid(19ba41d7c0026c3459d37c2fe90c55a0) Importer(815301076,1909f56bfc062723c751e8b465ee728b)
Start importing Assets/Settings/UniversalRP-HighQuality.asset using Guid(19ba41d7c0026c3459d37c2fe90c55a0) Importer(815301076,1909f56bfc062723c751e8b465ee728b)  -> (artifact id: 'b3432207a7743f2cc60fe0fb8404afa1') in 0.010198 seconds 
========================================================================
Received Import Request.
  Time since last request: 0.648208 seconds.
  path: Assets/Settings/UniversalRP-MediumQuality.asset
  artifactKey: Guid(d847b876476d3d6468f5dfcd34266f96) Importer(815301076,1909f56bfc062723c751e8b465ee728b)
Start importing Assets/Settings/UniversalRP-MediumQuality.asset using Guid(d847b876476d3d6468f5dfcd34266f96) Importer(815301076,1909f56bfc062723c751e8b465ee728b)  -> (artifact id: 'fadc743e9af0de4b5323b31b3738d5b0') in 0.009765 seconds 
========================================================================
Received Import Request.
  Time since last request: 0.569304 seconds.
  path: Assets/Settings/SampleSceneProfile.asset
  artifactKey: Guid(10fc4df2da32a41aaa32d77bc913491c) Importer(815301076,1909f56bfc062723c751e8b465ee728b)
Start importing Assets/Settings/SampleSceneProfile.asset using Guid(10fc4df2da32a41aaa32d77bc913491c) Importer(815301076,1909f56bfc062723c751e8b465ee728b)  -> (artifact id: '593455b4b3db0020ba254d5acd710b98') in 0.023129 seconds 
========================================================================
Received Import Request.
  Time since last request: 9.376858 seconds.
  path: Assets/Settings/DOTweenSettings.asset
  artifactKey: Guid(a3acea32fe381f549b1a2876a7312281) Importer(815301076,1909f56bfc062723c751e8b465ee728b)
Start importing Assets/Settings/DOTweenSettings.asset using Guid(a3acea32fe381f549b1a2876a7312281) Importer(815301076,1909f56bfc062723c751e8b465ee728b)  -> (artifact id: '83bd7ab5b655707e8c9dc47b1f11a985') in 0.010719 seconds 
========================================================================
Received Import Request.
  Time since last request: 1.499819 seconds.
  path: Assets/Settings/ForwardRenderer.asset
  artifactKey: Guid(4a8e21d5c33334b11b34a596161b9360) Importer(815301076,1909f56bfc062723c751e8b465ee728b)
Start importing Assets/Settings/ForwardRenderer.asset using Guid(4a8e21d5c33334b11b34a596161b9360) Importer(815301076,1909f56bfc062723c751e8b465ee728b)  -> (artifact id: '748d10539fe822cb51fb3b909b048d97') in 0.010174 seconds 
========================================================================
Received Import Request.
  Time since last request: 66.541065 seconds.
  path: Assets/Settings
  artifactKey: Guid(a8ada6b7e8eb0214991bde611999bd94) Importer(815301076,1909f56bfc062723c751e8b465ee728b)
Start importing Assets/Settings using Guid(a8ada6b7e8eb0214991bde611999bd94) Importer(815301076,1909f56bfc062723c751e8b465ee728b)  -> (artifact id: '14172c85b9393e1200b8c3c34539be7d') in 0.010830 seconds 
========================================================================
Received Import Request.
  Time since last request: 5.420076 seconds.
  path: Assets/Settings/URP
  artifactKey: Guid(9b01712dce8b41d48b0cef22babca505) Importer(815301076,1909f56bfc062723c751e8b465ee728b)
Start importing Assets/Settings/URP using Guid(9b01712dce8b41d48b0cef22babca505) Importer(815301076,1909f56bfc062723c751e8b465ee728b)  -> (artifact id: '8932df592ab422d2eaf0a51257c1a794') in 0.009172 seconds 
========================================================================
Received Import Request.
  Time since last request: 19.794791 seconds.
  path: Assets/Settings/UniversalRP-LowQuality.asset
  artifactKey: Guid(a31e9f9f9c9d4b9429ed0d1234e22103) Importer(815301076,1909f56bfc062723c751e8b465ee728b)
Start importing Assets/Settings/UniversalRP-LowQuality.asset using Guid(a31e9f9f9c9d4b9429ed0d1234e22103) Importer(815301076,1909f56bfc062723c751e8b465ee728b)  -> (artifact id: '905dc7556ce131c8977de64840f7ec91') in 0.011148 seconds 
========================================================================
Received Import Request.
  Time since last request: 16.874762 seconds.
  path: Assets/Settings/Presets/Defaults
  artifactKey: Guid(8ce09b15399078e46a0dabcd7bcb0de6) Importer(815301076,1909f56bfc062723c751e8b465ee728b)
Start importing Assets/Settings/Presets/Defaults using Guid(8ce09b15399078e46a0dabcd7bcb0de6) Importer(815301076,1909f56bfc062723c751e8b465ee728b)  -> (artifact id: '7fcd0ce7a586567ca37e48384dfd9750') in 0.009435 seconds 
========================================================================
Received Import Request.
  Time since last request: 7.712545 seconds.
  path: Assets/Settings/TextMesh Pro/Sprites
  artifactKey: Guid(4b9050a4927f68c4a9930cbe33654a25) Importer(815301076,1909f56bfc062723c751e8b465ee728b)
Start importing Assets/Settings/TextMesh Pro/Sprites using Guid(4b9050a4927f68c4a9930cbe33654a25) Importer(815301076,1909f56bfc062723c751e8b465ee728b)  -> (artifact id: '0114a996149bff6a02f608e7b89ab867') in 0.010936 seconds 
========================================================================
Received Import Request.
  Time since last request: 6.928357 seconds.
  path: Assets/Settings/TextMesh Pro/Resources/TMP Settings.asset
  artifactKey: Guid(3f5b5dff67a942289a9defa416b206f3) Importer(815301076,1909f56bfc062723c751e8b465ee728b)
Start importing Assets/Settings/TextMesh Pro/Resources/TMP Settings.asset using Guid(3f5b5dff67a942289a9defa416b206f3) Importer(815301076,1909f56bfc062723c751e8b465ee728b)  -> (artifact id: '4a20ce3281a205646dacd2f9d4b29cca') in 0.086355 seconds 
========================================================================
Received Import Request.
  Time since last request: 125.804216 seconds.
  path: Assets/Settings/TextMesh Pro/Resources
  artifactKey: Guid(8173279f9c2bc34488787449cc2b99cf) Importer(815301076,1909f56bfc062723c751e8b465ee728b)
Start importing Assets/Settings/TextMesh Pro/Resources using Guid(8173279f9c2bc34488787449cc2b99cf) Importer(815301076,1909f56bfc062723c751e8b465ee728b)  -> (artifact id: '04dc7fe4a96ffbc8a147219292f6ef10') in 0.012536 seconds 
========================================================================
Received Import Request.
  Time since last request: 10.172344 seconds.
  path: Assets/Resources/TMPro/Fonts & Materials/LiberationSans SDF.asset
  artifactKey: Guid(8f586378b4e144a9851e7b34d9b748ee) Importer(815301076,1909f56bfc062723c751e8b465ee728b)
Start importing Assets/Resources/TMPro/Fonts & Materials/LiberationSans SDF.asset using Guid(8f586378b4e144a9851e7b34d9b748ee) Importer(815301076,1909f56bfc062723c751e8b465ee728b) Shader error in 'TextMeshPro/Mobile/Distance Field': Couldn't open include file 'TMPro_Properties.cginc'. at line 93

Compiling Subshader: 0, Pass: <Unnamed Pass 0>, Vertex program with OUTLINE_ON
Platform defines: SHADER_API_DESKTOP UNITY_ENABLE_DETAIL_NORMALMAP UNITY_ENABLE_REFLECTION_BUFFERS UNITY_LIGHTMAP_RGBM_ENCODING UNITY_LIGHT_PROBE_PROXY_VOLUME UNITY_PBS_USE_BRDF1 UNITY_SPECCUBE_BLENDING UNITY_SPECCUBE_BOX_PROJECTION UNITY_USE_DITHER_MASK_FOR_ALPHABLENDED_SHADOWS
Disabled keywords: SHADER_API_GLES30 UNDERLAY_INNER UNDERLAY_ON UNITY_ASTC_NORMALMAP_ENCODING UNITY_COLORSPACE_GAMMA UNITY_ENABLE_NATIVE_SHADOW_LOOKUPS UNITY_FRAMEBUFFER_FETCH_AVAILABLE UNITY_HALF_PRECISION_FRAGMENT_SHADER_REGISTERS UNITY_HARDWARE_TIER1 UNITY_HARDWARE_TIER2 UNITY_HARDWARE_TIER3 UNITY_LIGHTMAP_DLDR_ENCODING UNITY_LIGHTMAP_FULL_HDR UNITY_METAL_SHADOWS_USE_POINT_FILTERING UNITY_NO_DXT5nm UNITY_NO_FULL_STANDARD_SHADER UNITY_NO_SCREENSPACE_SHADOWS UNITY_PBS_USE_BRDF2 UNITY_PBS_USE_BRDF3 UNITY_PRETRANSFORM_TO_DISPLAY_ORIENTATION UNITY_UI_ALPHACLIP UNITY_UI_CLIP_RECT UNITY_UNIFIED_SHADER_PRECISION_MODEL UNITY_VIRTUAL_TEXTURING
Shader error in 'TextMeshPro/Mobile/Distance Field': Couldn't open include file 'TMPro_Properties.cginc'. at line 93

Compiling Subshader: 0, Pass: <Unnamed Pass 0>, Vertex program with OUTLINE_ON
Platform defines: SHADER_API_DESKTOP UNITY_ENABLE_DETAIL_NORMALMAP UNITY_ENABLE_REFLECTION_BUFFERS UNITY_LIGHTMAP_RGBM_ENCODING UNITY_LIGHT_PROBE_PROXY_VOLUME UNITY_PBS_USE_BRDF1 UNITY_SPECCUBE_BLENDING UNITY_SPECCUBE_BOX_PROJECTION UNITY_USE_DITHER_MASK_FOR_ALPHABLENDED_SHADOWS
Disabled keywords: SHADER_API_GLES30 UNDERLAY_INNER UNDERLAY_ON UNITY_ASTC_NORMALMAP_ENCODING UNITY_COLORSPACE_GAMMA UNITY_ENABLE_NATIVE_SHADOW_LOOKUPS UNITY_FRAMEBUFFER_FETCH_AVAILABLE UNITY_HALF_PRECISION_FRAGMENT_SHADER_REGISTERS UNITY_HARDWARE_TIER1 UNITY_HARDWARE_TIER2 UNITY_HARDWARE_TIER3 UNITY_LIGHTMAP_DLDR_ENCODING UNITY_LIGHTMAP_FULL_HDR UNITY_METAL_SHADOWS_USE_POINT_FILTERING UNITY_NO_DXT5nm UNITY_NO_FULL_STANDARD_SHADER UNITY_NO_SCREENSPACE_SHADOWS UNITY_PBS_USE_BRDF2 UNITY_PBS_USE_BRDF3 UNITY_PRETRANSFORM_TO_DISPLAY_ORIENTATION UNITY_UI_ALPHACLIP UNITY_UI_CLIP_RECT UNITY_UNIFIED_SHADER_PRECISION_MODEL UNITY_VIRTUAL_TEXTURING
 -> (artifact id: '395eb0603bf796e9f5362954fc8bee9e') in 0.675215 seconds 
========================================================================
Received Import Request.
  Time since last request: 970.789547 seconds.
  path: Assets/Settings/TextMesh Pro/Resources/LineBreaking Following Characters.txt
  artifactKey: Guid(fade42e8bc714b018fac513c043d323b) Importer(815301076,1909f56bfc062723c751e8b465ee728b)
Start importing Assets/Settings/TextMesh Pro/Resources/LineBreaking Following Characters.txt using Guid(fade42e8bc714b018fac513c043d323b) Importer(815301076,1909f56bfc062723c751e8b465ee728b)  -> (artifact id: '6c0eca58449ec79ae94bb296dab38d9e') in 0.023963 seconds 
========================================================================
Received Import Request.
  Time since last request: 14.198773 seconds.
  path: Assets/Resources/Sprites
  artifactKey: Guid(8a6af91c7f73cfc45870bcfd35b13b0a) Importer(815301076,1909f56bfc062723c751e8b465ee728b)
Start importing Assets/Resources/Sprites using Guid(8a6af91c7f73cfc45870bcfd35b13b0a) Importer(815301076,1909f56bfc062723c751e8b465ee728b)  -> (artifact id: 'd2517aeed5314a339d28814cd3b2e4df') in 0.009821 seconds 
========================================================================
Received Import Request.
  Time since last request: 0.724734 seconds.
  path: Assets/Resources/TMPro
  artifactKey: Guid(ae6ec297ae0735d4a8a560f93456bfae) Importer(815301076,1909f56bfc062723c751e8b465ee728b)
Start importing Assets/Resources/TMPro using Guid(ae6ec297ae0735d4a8a560f93456bfae) Importer(815301076,1909f56bfc062723c751e8b465ee728b)  -> (artifact id: '91376884a7bc5f855f30996b7d6b861c') in 0.017481 seconds 
========================================================================
Received Import Request.
  Time since last request: 2.101227 seconds.
  path: Assets/Settings/TextMesh Pro/Resources/LineBreaking Leading Characters.txt
  artifactKey: Guid(d82c1b31c7e74239bff1220585707d2b) Importer(815301076,1909f56bfc062723c751e8b465ee728b)
Start importing Assets/Settings/TextMesh Pro/Resources/LineBreaking Leading Characters.txt using Guid(d82c1b31c7e74239bff1220585707d2b) Importer(815301076,1909f56bfc062723c751e8b465ee728b)  -> (artifact id: '40d907d9942e24c7f1f764d9342d2a51') in 0.009907 seconds 
========================================================================
Received Import Request.
  Time since last request: 12.494159 seconds.
  path: Assets/Settings/TextMesh Pro/Shaders
  artifactKey: Guid(0f02d38dbb2c0b44bb5a703d20233123) Importer(815301076,1909f56bfc062723c751e8b465ee728b)
Start importing Assets/Settings/TextMesh Pro/Shaders using Guid(0f02d38dbb2c0b44bb5a703d20233123) Importer(815301076,1909f56bfc062723c751e8b465ee728b)  -> (artifact id: 'ae0238820d4c151bfabfde15ae39410a') in 0.009683 seconds 
========================================================================
Received Import Request.
  Time since last request: 37.425990 seconds.
  path: Assets/Resources/TMPro/Fonts & Materials
  artifactKey: Guid(45ae638232cd4ae45a4fa9062156d78a) Importer(815301076,1909f56bfc062723c751e8b465ee728b)
Start importing Assets/Resources/TMPro/Fonts & Materials using Guid(45ae638232cd4ae45a4fa9062156d78a) Importer(815301076,1909f56bfc062723c751e8b465ee728b)  -> (artifact id: 'f9b1154cf8b4a59711a1dab33027ad5a') in 0.010338 seconds 
========================================================================
Received Import Request.
  Time since last request: 6.385040 seconds.
  path: Assets/Settings/TextMesh Pro/Fonts
  artifactKey: Guid(68dda3ef23a4b6346918af821b7ee699) Importer(815301076,1909f56bfc062723c751e8b465ee728b)
Start importing Assets/Settings/TextMesh Pro/Fonts using Guid(68dda3ef23a4b6346918af821b7ee699) Importer(815301076,1909f56bfc062723c751e8b465ee728b)  -> (artifact id: '22de228af6af8285b4119978c21859e8') in 0.012314 seconds 
========================================================================
Received Import Request.
  Time since last request: 28.872482 seconds.
  path: Assets/Scenes
  artifactKey: Guid(dea993a00e43b94469e37ad58653cf3c) Importer(815301076,1909f56bfc062723c751e8b465ee728b)
Start importing Assets/Scenes using Guid(dea993a00e43b94469e37ad58653cf3c) Importer(815301076,1909f56bfc062723c751e8b465ee728b)  -> (artifact id: 'b2c979516f7f3129bd75868958ba73d4') in 0.009393 seconds 
========================================================================
Received Prepare
Registering precompiled user dll's ...
Registered in 0.014079 seconds.
Begin MonoManager ReloadAssembly
Symbol file LoadedFromMemory is not a mono symbol file
Native extension for LinuxStandalone target not found
Native extension for WindowsStandalone target not found
Native extension for iOS target not found
Native extension for Android target not found
Refreshing native plugins compatible for Editor in 1.19 ms, found 2 plugins.
Preloading 0 native plugins for Editor in 0.00 ms.
Warning: Annotation not found!
UnityEngine.StackTraceUtility:ExtractStackTrace ()
UnityEditor.ProBuilder.EditorUtility:SetGizmoIconEnabled (System.Type,bool) (at Library/PackageCache/com.unity.probuilder@5.0.3/Editor/EditorCore/EditorUtility.cs:575)
UnityEditor.ProBuilder.HierarchyListener:.cctor () (at Library/PackageCache/com.unity.probuilder@5.0.3/Editor/EditorCore/HierarchyListener.cs:21)
System.Runtime.CompilerServices.RuntimeHelpers:RunClassConstructor (System.RuntimeTypeHandle)
UnityEditor.EditorAssemblies:ProcessInitializeOnLoadAttributes (System.Type[])

[Library/PackageCache/com.unity.probuilder@5.0.3/Editor/EditorCore/EditorUtility.cs line 575]

Mono: successfully reloaded assembly
- Completed reload, in  2.598 seconds
Domain Reload Profiling:
	ReloadAssembly (2599ms)
		BeginReloadAssembly (303ms)
			ExecutionOrderSort (0ms)
			DisableScriptedObjects (18ms)
			BackupInstance (0ms)
			ReleaseScriptingObjects (0ms)
			CreateAndSetChildDomain (79ms)
		EndReloadAssembly (2113ms)
			LoadAssemblies (197ms)
			RebuildTransferFunctionScriptingTraits (0ms)
			SetupTypeCache (465ms)
			ReleaseScriptCaches (3ms)
			RebuildScriptCaches (115ms)
			SetupLoadedEditorAssemblies (1182ms)
				LogAssemblyErrors (0ms)
				InitializePlatformSupportModulesInManaged (70ms)
				SetLoadedEditorAssemblies (1ms)
				RefreshPlugins (1ms)
				BeforeProcessingInitializeOnLoad (200ms)
				ProcessInitializeOnLoadAttributes (727ms)
				ProcessInitializeOnLoadMethodAttributes (166ms)
				AfterProcessingInitializeOnLoad (17ms)
				EditorAssembliesLoaded (0ms)
			ExecutionOrderSort2 (0ms)
			AwakeInstancesAfterBackupRestoration (23ms)
Platform modules already initialized, skipping
Refreshing native plugins compatible for Editor in 5.26 ms, found 2 plugins.
Preloading 0 native plugins for Editor in 0.00 ms.
Unloading 3966 Unused Serialized files (Serialized files now loaded: 0)
Unloading 24 unused Assets / (0.8 MB). Loaded Objects now: 4682.
Memory consumption went from 181.3 MB to 180.5 MB.
Total: 13.828100 ms (FindLiveObjects: 0.579200 ms CreateObjectMapping: 0.622500 ms MarkObjects: 12.116400 ms  DeleteObjects: 0.507600 ms)

AssetImportParameters requested are different than current active one (requested -> active):
  custom:video-decoder-ogg-theora: a1e56fd34408186e4bbccfd4996cb3dc -> 
  custom:container-muxer-webm: aa71ff27fc2769a1b78a27578f13a17b -> 
  custom:container-demuxer-webm: 4f35f7cbe854078d1ac9338744f61a02 -> 
  custom:video-encoder-webm-vp8: eb34c28f22e8b96e1ab97ce403110664 -> 
  custom:audio-encoder-webm-vorbis: bf7c407c2cedff20999df2af8eb42d56 -> 
  custom:framework-win-MediaFoundation: 216162199b28c13a410421893ffa2e32 -> 
  custom:container-demuxer-ogg: 62fdf1f143b41e24485cea50d1cbac27 -> 
  custom:video-decoder-webm-vp8: 9c59270c3fd7afecdb556c50c9e8de78 -> 
  custom:audio-decoder-ogg-vorbis: bf7c407c2cedff20999df2af8eb42d56 -> 
========================================================================
Received Prepare
Registering precompiled user dll's ...
Registered in 0.017748 seconds.
Begin MonoManager ReloadAssembly
Symbol file LoadedFromMemory is not a mono symbol file
Native extension for LinuxStandalone target not found
Native extension for WindowsStandalone target not found
Native extension for iOS target not found
Native extension for Android target not found
Refreshing native plugins compatible for Editor in 1.38 ms, found 2 plugins.
Preloading 0 native plugins for Editor in 0.00 ms.
Warning: Annotation not found!
UnityEngine.StackTraceUtility:ExtractStackTrace ()
UnityEditor.ProBuilder.EditorUtility:SetGizmoIconEnabled (System.Type,bool) (at Library/PackageCache/com.unity.probuilder@5.0.3/Editor/EditorCore/EditorUtility.cs:575)
UnityEditor.ProBuilder.HierarchyListener:.cctor () (at Library/PackageCache/com.unity.probuilder@5.0.3/Editor/EditorCore/HierarchyListener.cs:21)
System.Runtime.CompilerServices.RuntimeHelpers:RunClassConstructor (System.RuntimeTypeHandle)
UnityEditor.EditorAssemblies:ProcessInitializeOnLoadAttributes (System.Type[])

[Library/PackageCache/com.unity.probuilder@5.0.3/Editor/EditorCore/EditorUtility.cs line 575]

Mono: successfully reloaded assembly
- Completed reload, in  2.587 seconds
Domain Reload Profiling:
	ReloadAssembly (2588ms)
		BeginReloadAssembly (310ms)
			ExecutionOrderSort (0ms)
			DisableScriptedObjects (10ms)
			BackupInstance (0ms)
			ReleaseScriptingObjects (0ms)
			CreateAndSetChildDomain (80ms)
		EndReloadAssembly (2062ms)
			LoadAssemblies (216ms)
			RebuildTransferFunctionScriptingTraits (0ms)
			SetupTypeCache (478ms)
			ReleaseScriptCaches (3ms)
			RebuildScriptCaches (105ms)
			SetupLoadedEditorAssemblies (1147ms)
				LogAssemblyErrors (0ms)
				InitializePlatformSupportModulesInManaged (65ms)
				SetLoadedEditorAssemblies (1ms)
				RefreshPlugins (1ms)
				BeforeProcessingInitializeOnLoad (182ms)
				ProcessInitializeOnLoadAttributes (735ms)
				ProcessInitializeOnLoadMethodAttributes (146ms)
				AfterProcessingInitializeOnLoad (17ms)
				EditorAssembliesLoaded (0ms)
			ExecutionOrderSort2 (0ms)
			AwakeInstancesAfterBackupRestoration (24ms)
Platform modules already initialized, skipping
Refreshing native plugins compatible for Editor in 3.05 ms, found 2 plugins.
Preloading 0 native plugins for Editor in 0.00 ms.
Unloading 3965 Unused Serialized files (Serialized files now loaded: 0)
Unloading 24 unused Assets / (0.8 MB). Loaded Objects now: 4697.
Memory consumption went from 181.3 MB to 180.5 MB.
Total: 8.262400 ms (FindLiveObjects: 0.450200 ms CreateObjectMapping: 0.304800 ms MarkObjects: 6.976400 ms  DeleteObjects: 0.528900 ms)

AssetImportParameters requested are different than current active one (requested -> active):
  custom:video-decoder-ogg-theora: a1e56fd34408186e4bbccfd4996cb3dc -> 
  custom:container-muxer-webm: aa71ff27fc2769a1b78a27578f13a17b -> 
  custom:container-demuxer-webm: 4f35f7cbe854078d1ac9338744f61a02 -> 
  custom:video-encoder-webm-vp8: eb34c28f22e8b96e1ab97ce403110664 -> 
  custom:audio-encoder-webm-vorbis: bf7c407c2cedff20999df2af8eb42d56 -> 
  custom:framework-win-MediaFoundation: 216162199b28c13a410421893ffa2e32 -> 
  custom:container-demuxer-ogg: 62fdf1f143b41e24485cea50d1cbac27 -> 
  custom:video-decoder-webm-vp8: 9c59270c3fd7afecdb556c50c9e8de78 -> 
  custom:audio-decoder-ogg-vorbis: bf7c407c2cedff20999df2af8eb42d56 -> 
========================================================================
Received Prepare
Registering precompiled user dll's ...
Registered in 0.011587 seconds.
Begin MonoManager ReloadAssembly
Symbol file LoadedFromMemory is not a mono symbol file
Native extension for LinuxStandalone target not found
Native extension for WindowsStandalone target not found
Native extension for iOS target not found
Native extension for Android target not found
Refreshing native plugins compatible for Editor in 1.26 ms, found 2 plugins.
Preloading 0 native plugins for Editor in 0.00 ms.
Warning: Annotation not found!
UnityEngine.StackTraceUtility:ExtractStackTrace ()
UnityEditor.ProBuilder.EditorUtility:SetGizmoIconEnabled (System.Type,bool) (at Library/PackageCache/com.unity.probuilder@5.0.3/Editor/EditorCore/EditorUtility.cs:575)
UnityEditor.ProBuilder.HierarchyListener:.cctor () (at Library/PackageCache/com.unity.probuilder@5.0.3/Editor/EditorCore/HierarchyListener.cs:21)
System.Runtime.CompilerServices.RuntimeHelpers:RunClassConstructor (System.RuntimeTypeHandle)
UnityEditor.EditorAssemblies:ProcessInitializeOnLoadAttributes (System.Type[])

[Library/PackageCache/com.unity.probuilder@5.0.3/Editor/EditorCore/EditorUtility.cs line 575]

Mono: successfully reloaded assembly
- Completed reload, in  2.608 seconds
Domain Reload Profiling:
	ReloadAssembly (2609ms)
		BeginReloadAssembly (291ms)
			ExecutionOrderSort (0ms)
			DisableScriptedObjects (10ms)
			BackupInstance (0ms)
			ReleaseScriptingObjects (0ms)
			CreateAndSetChildDomain (87ms)
		EndReloadAssembly (2110ms)
			LoadAssemblies (190ms)
			RebuildTransferFunctionScriptingTraits (0ms)
			SetupTypeCache (460ms)
			ReleaseScriptCaches (2ms)
			RebuildScriptCaches (111ms)
			SetupLoadedEditorAssemblies (1182ms)
				LogAssemblyErrors (0ms)
				InitializePlatformSupportModulesInManaged (80ms)
				SetLoadedEditorAssemblies (1ms)
				RefreshPlugins (1ms)
				BeforeProcessingInitializeOnLoad (187ms)
				ProcessInitializeOnLoadAttributes (750ms)
				ProcessInitializeOnLoadMethodAttributes (147ms)
				AfterProcessingInitializeOnLoad (15ms)
				EditorAssembliesLoaded (0ms)
			ExecutionOrderSort2 (0ms)
			AwakeInstancesAfterBackupRestoration (25ms)
Platform modules already initialized, skipping
Refreshing native plugins compatible for Editor in 3.54 ms, found 2 plugins.
Preloading 0 native plugins for Editor in 0.00 ms.
Unloading 3965 Unused Serialized files (Serialized files now loaded: 0)
Unloading 24 unused Assets / (0.8 MB). Loaded Objects now: 4712.
Memory consumption went from 181.3 MB to 180.5 MB.
Total: 8.720900 ms (FindLiveObjects: 0.457800 ms CreateObjectMapping: 0.324500 ms MarkObjects: 7.393900 ms  DeleteObjects: 0.541900 ms)

AssetImportParameters requested are different than current active one (requested -> active):
  custom:video-decoder-ogg-theora: a1e56fd34408186e4bbccfd4996cb3dc -> 
  custom:container-muxer-webm: aa71ff27fc2769a1b78a27578f13a17b -> 
  custom:container-demuxer-webm: 4f35f7cbe854078d1ac9338744f61a02 -> 
  custom:video-encoder-webm-vp8: eb34c28f22e8b96e1ab97ce403110664 -> 
  custom:audio-encoder-webm-vorbis: bf7c407c2cedff20999df2af8eb42d56 -> 
  custom:framework-win-MediaFoundation: 216162199b28c13a410421893ffa2e32 -> 
  custom:container-demuxer-ogg: 62fdf1f143b41e24485cea50d1cbac27 -> 
  custom:video-decoder-webm-vp8: 9c59270c3fd7afecdb556c50c9e8de78 -> 
  custom:audio-decoder-ogg-vorbis: bf7c407c2cedff20999df2af8eb42d56 -> 
========================================================================
Received Import Request.
  Time since last request: 153.071110 seconds.
  path: Assets/Scenes/The Loop Game/The Loop Game.unity
  artifactKey: Guid(750e0c96300dfa94fb3b75fb0e564fde) Importer(815301076,1909f56bfc062723c751e8b465ee728b)
Start importing Assets/Scenes/The Loop Game/The Loop Game.unity using Guid(750e0c96300dfa94fb3b75fb0e564fde) Importer(815301076,1909f56bfc062723c751e8b465ee728b)  -> (artifact id: '8bd8e07f51f1059e49b13672ca92dd76') in 0.024309 seconds 
========================================================================
Received Import Request.
  Time since last request: 26.352621 seconds.
  path: Assets/Scenes/Menu
  artifactKey: Guid(013baaacd3ad3154faef6abca8aa0efd) Importer(815301076,1909f56bfc062723c751e8b465ee728b)
Start importing Assets/Scenes/Menu using Guid(013baaacd3ad3154faef6abca8aa0efd) Importer(815301076,1909f56bfc062723c751e8b465ee728b)  -> (artifact id: '1374896943b94e7aaf3be18d3f133832') in 0.009993 seconds 
========================================================================
Received Import Request.
  Time since last request: 6.077877 seconds.
  path: Assets/Resources/Game Data
  artifactKey: Guid(913f33e3403d9424ca306138b28dc17e) Importer(815301076,1909f56bfc062723c751e8b465ee728b)
Start importing Assets/Resources/Game Data using Guid(913f33e3403d9424ca306138b28dc17e) Importer(815301076,1909f56bfc062723c751e8b465ee728b)  -> (artifact id: '627dfa7f00146a69fe29eff89018476e') in 0.010042 seconds 
========================================================================
Received Import Request.
  Time since last request: 0.825510 seconds.
  path: Assets/Resources/Game Data/Rooms/Room One 2.asset
  artifactKey: Guid(b023cbbc3f8934343a4f91601bbbbe1a) Importer(815301076,1909f56bfc062723c751e8b465ee728b)
Start importing Assets/Resources/Game Data/Rooms/Room One 2.asset using Guid(b023cbbc3f8934343a4f91601bbbbe1a) Importer(815301076,1909f56bfc062723c751e8b465ee728b)  -> (artifact id: '65f471b83bc412f80fba006769a665c5') in 0.134506 seconds 
========================================================================
Received Import Request.
  Time since last request: 110.839908 seconds.
  path: Assets/Settings/Presets
  artifactKey: Guid(08941e37c3f4cc149937a6cf98ad69ec) Importer(815301076,1909f56bfc062723c751e8b465ee728b)
Start importing Assets/Settings/Presets using Guid(08941e37c3f4cc149937a6cf98ad69ec) Importer(815301076,1909f56bfc062723c751e8b465ee728b)  -> (artifact id: 'c283f1ea42333f2c3189cbe519b9d819') in 0.010591 seconds 
========================================================================
Received Import Request.
  Time since last request: 19.009164 seconds.
  path: Assets/Resources/Game
  artifactKey: Guid(913f33e3403d9424ca306138b28dc17e) Importer(815301076,1909f56bfc062723c751e8b465ee728b)
Start importing Assets/Resources/Game using Guid(913f33e3403d9424ca306138b28dc17e) Importer(815301076,1909f56bfc062723c751e8b465ee728b)  -> (artifact id: '513b3f97470aba5d026bb4efce272e5f') in 0.010918 seconds 
========================================================================
Received Import Request.
  Time since last request: 16.263468 seconds.
  path: Assets/Resources/Data
  artifactKey: Guid(913f33e3403d9424ca306138b28dc17e) Importer(815301076,1909f56bfc062723c751e8b465ee728b)
Start importing Assets/Resources/Data using Guid(913f33e3403d9424ca306138b28dc17e) Importer(815301076,1909f56bfc062723c751e8b465ee728b)  -> (artifact id: '071f86ac83645441dd0f03e0e44f0900') in 0.010751 seconds 
========================================================================
Received Import Request.
  Time since last request: 13.271372 seconds.
  path: Assets/Resources/Data/Weapons
  artifactKey: Guid(e2dab6a5c61151c4c828ed00945477f7) Importer(815301076,1909f56bfc062723c751e8b465ee728b)
Start importing Assets/Resources/Data/Weapons using Guid(e2dab6a5c61151c4c828ed00945477f7) Importer(815301076,1909f56bfc062723c751e8b465ee728b)  -> (artifact id: '22bbc72ceddbce24d9d858d77dcc7494') in 0.011579 seconds 
========================================================================
Received Import Request.
  Time since last request: 3.729376 seconds.
  path: Assets/Resources/Data/Characters
  artifactKey: Guid(c0c89ef04a28ae046a066a91f750361b) Importer(815301076,1909f56bfc062723c751e8b465ee728b)
Start importing Assets/Resources/Data/Characters using Guid(c0c89ef04a28ae046a066a91f750361b) Importer(815301076,1909f56bfc062723c751e8b465ee728b)  -> (artifact id: '47cff2967ca7543b59628c79cf4fba6e') in 0.010310 seconds 
========================================================================
Received Import Request.
  Time since last request: 76.221757 seconds.
  path: Assets/Resources
  artifactKey: Guid(688736e5ec9ef594d94d831a39530ed2) Importer(815301076,1909f56bfc062723c751e8b465ee728b)
Start importing Assets/Resources using Guid(688736e5ec9ef594d94d831a39530ed2) Importer(815301076,1909f56bfc062723c751e8b465ee728b)  -> (artifact id: '0e4f67750b40d8bb0e10dc6c1e39b6bb') in 0.011168 seconds 
========================================================================
Received Import Request.
  Time since last request: 2.690234 seconds.
  path: Assets/Resources/3D Models
  artifactKey: Guid(5e42472a4474be44f8079cb6e85a8c34) Importer(815301076,1909f56bfc062723c751e8b465ee728b)
Start importing Assets/Resources/3D Models using Guid(5e42472a4474be44f8079cb6e85a8c34) Importer(815301076,1909f56bfc062723c751e8b465ee728b)  -> (artifact id: '70702a506fdf351bc0575afa9a06a1d7') in 0.011951 seconds 
========================================================================
Received Import Request.
  Time since last request: 3.454972 seconds.
  path: Assets/Resources/Models
  artifactKey: Guid(5e42472a4474be44f8079cb6e85a8c34) Importer(815301076,1909f56bfc062723c751e8b465ee728b)
Start importing Assets/Resources/Models using Guid(5e42472a4474be44f8079cb6e85a8c34) Importer(815301076,1909f56bfc062723c751e8b465ee728b)  -> (artifact id: '166d5a0e00308c7f336169a8a0a941b5') in 0.011763 seconds 
========================================================================
Received Import Request.
  Time since last request: 3.511662 seconds.
  path: Assets/Resources/Materials
  artifactKey: Guid(e10905acca5424c49bb56914bc02628e) Importer(815301076,1909f56bfc062723c751e8b465ee728b)
Start importing Assets/Resources/Materials using Guid(e10905acca5424c49bb56914bc02628e) Importer(815301076,1909f56bfc062723c751e8b465ee728b)  -> (artifact id: '3a65e51ec5b8f52679acc904e2d5231b') in 0.010492 seconds 
========================================================================
Received Import Request.
  Time since last request: 3.612070 seconds.
  path: Assets/Resources/GameData
  artifactKey: Guid(913f33e3403d9424ca306138b28dc17e) Importer(815301076,1909f56bfc062723c751e8b465ee728b)
Start importing Assets/Resources/GameData using Guid(913f33e3403d9424ca306138b28dc17e) Importer(815301076,1909f56bfc062723c751e8b465ee728b)  -> (artifact id: '1c886e66605f843afcf18dca285037c0') in 0.011369 seconds 
========================================================================
Received Import Request.
  Time since last request: 6.872790 seconds.
  path: Assets/Resources/Prefubs
  artifactKey: Guid(4b711177badaaa645bee5941dcd63e45) Importer(815301076,1909f56bfc062723c751e8b465ee728b)
Start importing Assets/Resources/Prefubs using Guid(4b711177badaaa645bee5941dcd63e45) Importer(815301076,1909f56bfc062723c751e8b465ee728b)  -> (artifact id: 'd332f95d39257890d35c3d146d87a4ee') in 0.010978 seconds 
========================================================================
Received Import Request.
  Time since last request: 84.585928 seconds.
  path: Assets/Plugins/Joystick Pack
  artifactKey: Guid(fceb377ada18e2346b11c3dd1c9698ee) Importer(815301076,1909f56bfc062723c751e8b465ee728b)
Start importing Assets/Plugins/Joystick Pack using Guid(fceb377ada18e2346b11c3dd1c9698ee) Importer(815301076,1909f56bfc062723c751e8b465ee728b)  -> (artifact id: '8ff3ef2a630c05d28c9cde5007efe0ec') in 0.012212 seconds 
========================================================================
Received Import Request.
  Time since last request: 4.934018 seconds.
  path: Assets/Plugins/Demigiant/DOTween/DOTween.dll
  artifactKey: Guid(a811bde74b26b53498b4f6d872b09b6d) Importer(815301076,1909f56bfc062723c751e8b465ee728b)
Start importing Assets/Plugins/Demigiant/DOTween/DOTween.dll using Guid(a811bde74b26b53498b4f6d872b09b6d) Importer(815301076,1909f56bfc062723c751e8b465ee728b)  -> (artifact id: 'a7c9c0f78389a40154d0698c176b4c6c') in 0.019997 seconds 
========================================================================
Received Import Request.
  Time since last request: 17.213662 seconds.
  path: Assets/Plugins/Demigiant/DOTween/readme.txt
  artifactKey: Guid(fccfc62abf2eb0a4db614853430894fd) Importer(815301076,1909f56bfc062723c751e8b465ee728b)
Start importing Assets/Plugins/Demigiant/DOTween/readme.txt using Guid(fccfc62abf2eb0a4db614853430894fd) Importer(815301076,1909f56bfc062723c751e8b465ee728b)  -> (artifact id: 'fca5a4015a095aae89d8af1d851a7ba3') in 0.011062 seconds 
========================================================================
Received Import Request.
  Time since last request: 28.011293 seconds.
  path: Assets/Scenes/IK Test
  artifactKey: Guid(9f329808a5eb66e45ae3b05ff2699e06) Importer(815301076,1909f56bfc062723c751e8b465ee728b)
Start importing Assets/Scenes/IK Test using Guid(9f329808a5eb66e45ae3b05ff2699e06) Importer(815301076,1909f56bfc062723c751e8b465ee728b)  -> (artifact id: 'be8ba00a0afda6001cc01c35e30fe1ba') in 0.012374 seconds 
========================================================================
Received Import Request.
  Time since last request: 36.096362 seconds.
  path: Assets/Scenes/3dPersonGame
  artifactKey: Guid(761927962fa0c0345be9c13fb18582cc) Importer(815301076,1909f56bfc062723c751e8b465ee728b)
Start importing Assets/Scenes/3dPersonGame using Guid(761927962fa0c0345be9c13fb18582cc) Importer(815301076,1909f56bfc062723c751e8b465ee728b)  -> (artifact id: 'be7b76b864fcdde73b961e3b9a4325b4') in 0.009439 seconds 
========================================================================
Received Import Request.
  Time since last request: 1.527267 seconds.
  path: Assets/Scenes/The Loop Game
  artifactKey: Guid(d11762aacc31d4b4b936c23e48d38455) Importer(815301076,1909f56bfc062723c751e8b465ee728b)
Start importing Assets/Scenes/The Loop Game using Guid(d11762aacc31d4b4b936c23e48d38455) Importer(815301076,1909f56bfc062723c751e8b465ee728b)  -> (artifact id: 'e852eb2542eb3e4529a2491cffa7485d') in 0.016658 seconds 
========================================================================
Received Import Request.
  Time since last request: 2.164118 seconds.
  path: Assets/Scenes/TheLoopGame
  artifactKey: Guid(d11762aacc31d4b4b936c23e48d38455) Importer(815301076,1909f56bfc062723c751e8b465ee728b)
Start importing Assets/Scenes/TheLoopGame using Guid(d11762aacc31d4b4b936c23e48d38455) Importer(815301076,1909f56bfc062723c751e8b465ee728b)  -> (artifact id: '8ae3f3d89c53ff6631dbc0f159d28c6b') in 0.009431 seconds 
========================================================================
Received Import Request.
  Time since last request: 11.504839 seconds.
  path: Assets/Scenes/3d Person Game
  artifactKey: Guid(761927962fa0c0345be9c13fb18582cc) Importer(815301076,1909f56bfc062723c751e8b465ee728b)
Start importing Assets/Scenes/3d Person Game using Guid(761927962fa0c0345be9c13fb18582cc) Importer(815301076,1909f56bfc062723c751e8b465ee728b)  -> (artifact id: '07b9da1fa451537473f8f1694a06ea7e') in 0.010181 seconds 
========================================================================
Received Import Request.
  Time since last request: 28.650676 seconds.
  path: Assets/Scenes/Treasury Dungeon Game
  artifactKey: Guid(d11762aacc31d4b4b936c23e48d38455) Importer(815301076,1909f56bfc062723c751e8b465ee728b)
Start importing Assets/Scenes/Treasury Dungeon Game using Guid(d11762aacc31d4b4b936c23e48d38455) Importer(815301076,1909f56bfc062723c751e8b465ee728b)  -> (artifact id: '00f35c2e6c2fc04800abdf8b2216bf4d') in 0.012376 seconds 
========================================================================
Received Import Request.
  Time since last request: 2.321729 seconds.
  path: Assets/Scenes/Treasury Dungeon
  artifactKey: Guid(d11762aacc31d4b4b936c23e48d38455) Importer(815301076,1909f56bfc062723c751e8b465ee728b)
Start importing Assets/Scenes/Treasury Dungeon using Guid(d11762aacc31d4b4b936c23e48d38455) Importer(815301076,1909f56bfc062723c751e8b465ee728b)  -> (artifact id: '2c8e35414a360f33f961a384cd3aee6e') in 0.011102 seconds 
========================================================================
Received Import Request.
  Time since last request: 2.014574 seconds.
  path: Assets/Scenes/3d Person
  artifactKey: Guid(761927962fa0c0345be9c13fb18582cc) Importer(815301076,1909f56bfc062723c751e8b465ee728b)
Start importing Assets/Scenes/3d Person using Guid(761927962fa0c0345be9c13fb18582cc) Importer(815301076,1909f56bfc062723c751e8b465ee728b)  -> (artifact id: 'fd436f75ff122cc9bbf1f951da1d6ac2') in 0.011479 seconds 
========================================================================
Received Import Request.
  Time since last request: 5.331165 seconds.
  path: Assets/Scenes/Treasury Dungeon/The Loop Game.unity
  artifactKey: Guid(750e0c96300dfa94fb3b75fb0e564fde) Importer(815301076,1909f56bfc062723c751e8b465ee728b)
Start importing Assets/Scenes/Treasury Dungeon/The Loop Game.unity using Guid(750e0c96300dfa94fb3b75fb0e564fde) Importer(815301076,1909f56bfc062723c751e8b465ee728b)  -> (artifact id: '332226a57852cbef63647ed6cdac53e8') in 0.003503 seconds 
========================================================================
Received Import Request.
  Time since last request: 3.990923 seconds.
  path: Assets/Scenes/Treasury Dungeon/Treasury Dungeon.unity
  artifactKey: Guid(750e0c96300dfa94fb3b75fb0e564fde) Importer(815301076,1909f56bfc062723c751e8b465ee728b)
Start importing Assets/Scenes/Treasury Dungeon/Treasury Dungeon.unity using Guid(750e0c96300dfa94fb3b75fb0e564fde) Importer(815301076,1909f56bfc062723c751e8b465ee728b)  -> (artifact id: 'e3092b4c3199ab14b6b565f63ade23ec') in 0.011220 seconds 
========================================================================
Received Import Request.
  Time since last request: 3.648508 seconds.
  path: Assets/Scenes/Treasury Dungeon/NavMesh-Room 1.asset
  artifactKey: Guid(adf56a92b21a5fc4da1348674da5fb79) Importer(815301076,1909f56bfc062723c751e8b465ee728b)
Start importing Assets/Scenes/Treasury Dungeon/NavMesh-Room 1.asset using Guid(adf56a92b21a5fc4da1348674da5fb79) Importer(815301076,1909f56bfc062723c751e8b465ee728b)  -> (artifact id: '4218fc6808df4107f13dd95de5b8362c') in 0.010286 seconds 
========================================================================
Received Import Request.
  Time since last request: 1.173228 seconds.
  path: Assets/Scenes/Treasury Dungeon/NavMesh-Room.asset
  artifactKey: Guid(c87c870d4df7c7243b911671c47fff23) Importer(815301076,1909f56bfc062723c751e8b465ee728b)
Start importing Assets/Scenes/Treasury Dungeon/NavMesh-Room.asset using Guid(c87c870d4df7c7243b911671c47fff23) Importer(815301076,1909f56bfc062723c751e8b465ee728b)  -> (artifact id: '22253fc26a58186b954b0aba53d5fdfc') in 0.010322 seconds 
========================================================================
Received Import Request.
  Time since last request: 13.932232 seconds.
  path: Assets/Scenes/3d Person/New Scene.unity
  artifactKey: Guid(38e9a8d1d1bd02348be43adf579aa29b) Importer(815301076,1909f56bfc062723c751e8b465ee728b)
Start importing Assets/Scenes/3d Person/New Scene.unity using Guid(38e9a8d1d1bd02348be43adf579aa29b) Importer(815301076,1909f56bfc062723c751e8b465ee728b)  -> (artifact id: '46baad1d6e70ef1fee41c22e7b89036d') in 0.009769 seconds 
========================================================================
Received Import Request.
  Time since last request: 58.853052 seconds.
  path: Assets/Scenes/3d Person Testing
  artifactKey: Guid(761927962fa0c0345be9c13fb18582cc) Importer(815301076,1909f56bfc062723c751e8b465ee728b)
Start importing Assets/Scenes/3d Person Testing using Guid(761927962fa0c0345be9c13fb18582cc) Importer(815301076,1909f56bfc062723c751e8b465ee728b)  -> (artifact id: 'f8005620fabe7a8cd8030c8d483c3f8b') in 0.016047 seconds 
========================================================================
Received Import Request.
  Time since last request: 14.345214 seconds.
  path: Assets/Scenes/3d Person Testing/3d Person Testing.unity
  artifactKey: Guid(4945c18b8c3592249b7a96ef003a925a) Importer(815301076,1909f56bfc062723c751e8b465ee728b)
Start importing Assets/Scenes/3d Person Testing/3d Person Testing.unity using Guid(4945c18b8c3592249b7a96ef003a925a) Importer(815301076,1909f56bfc062723c751e8b465ee728b)  -> (artifact id: '8edd894c84a7a356596d98be45d73d32') in 0.011326 seconds 
========================================================================
Received Import Request.
  Time since last request: 48.252969 seconds.
  path: Assets/Resources/Animators
  artifactKey: Guid(461d19f602d12524da67e529f279d6f3) Importer(815301076,1909f56bfc062723c751e8b465ee728b)
Start importing Assets/Resources/Animators using Guid(461d19f602d12524da67e529f279d6f3) Importer(815301076,1909f56bfc062723c751e8b465ee728b)  -> (artifact id: 'bb264dec08be65fc0419947482afce30') in 0.012164 seconds 
========================================================================
Received Import Request.
  Time since last request: 7.873805 seconds.
  path: Assets/Resources/Animations
  artifactKey: Guid(461d19f602d12524da67e529f279d6f3) Importer(815301076,1909f56bfc062723c751e8b465ee728b)
Start importing Assets/Resources/Animations using Guid(461d19f602d12524da67e529f279d6f3) Importer(815301076,1909f56bfc062723c751e8b465ee728b)  -> (artifact id: 'ebe4fd4a6c52fac36bcdbb16b83ebea6') in 0.011732 seconds 
========================================================================
Received Import Request.
  Time since last request: 6.010154 seconds.
  path: Assets/Resources/Animations/Animators
  artifactKey: Guid(d7cbae6e4786beb408f0b7d3aeb9844d) Importer(815301076,1909f56bfc062723c751e8b465ee728b)
Start importing Assets/Resources/Animations/Animators using Guid(d7cbae6e4786beb408f0b7d3aeb9844d) Importer(815301076,1909f56bfc062723c751e8b465ee728b)  -> (artifact id: 'c85082809e96a5a9f034b9360eeb34b5') in 0.003638 seconds 
========================================================================
Received Import Request.
  Time since last request: 6.873520 seconds.
  path: Assets/Resources/Animations/Archer.controller
  artifactKey: Guid(6285629bd3e51ed4680ccb3886328fb1) Importer(815301076,1909f56bfc062723c751e8b465ee728b)
Start importing Assets/Resources/Animations/Archer.controller using Guid(6285629bd3e51ed4680ccb3886328fb1) Importer(815301076,1909f56bfc062723c751e8b465ee728b)  -> (artifact id: '31bfd6b4b2add6a8acedd107d644435b') in 0.179141 seconds 
========================================================================
Received Import Request.
  Time since last request: 8.467490 seconds.
  path: Assets/Resources/Animations/Animator Controllers
  artifactKey: Guid(d7cbae6e4786beb408f0b7d3aeb9844d) Importer(815301076,1909f56bfc062723c751e8b465ee728b)
Start importing Assets/Resources/Animations/Animator Controllers using Guid(d7cbae6e4786beb408f0b7d3aeb9844d) Importer(815301076,1909f56bfc062723c751e8b465ee728b)  -> (artifact id: '3de95da2c5f2073c17f3eee7dfed1f1b') in 0.011217 seconds 
========================================================================
Received Import Request.
  Time since last request: 16.614043 seconds.
  path: Assets/Resources/Animations/Animator Controllers/Charakters
  artifactKey: Guid(2fa734e8b7c187f41a601c92fdad08bb) Importer(815301076,1909f56bfc062723c751e8b465ee728b)
Start importing Assets/Resources/Animations/Animator Controllers/Charakters using Guid(2fa734e8b7c187f41a601c92fdad08bb) Importer(815301076,1909f56bfc062723c751e8b465ee728b)  -> (artifact id: '132430147bfbe1a3ff601cbeb6d99bd7') in 0.010037 seconds 
========================================================================
Received Import Request.
  Time since last request: 1.816554 seconds.
  path: Assets/Resources/Animations/Animator Controllers/Characters
  artifactKey: Guid(2fa734e8b7c187f41a601c92fdad08bb) Importer(815301076,1909f56bfc062723c751e8b465ee728b)
Start importing Assets/Resources/Animations/Animator Controllers/Characters using Guid(2fa734e8b7c187f41a601c92fdad08bb) Importer(815301076,1909f56bfc062723c751e8b465ee728b)  -> (artifact id: '4d05b6233cc2b4d4ff9594e6940b954c') in 0.002941 seconds 
========================================================================
Received Import Request.
  Time since last request: 9.317115 seconds.
  path: Assets/Resources/Animations/Animator Controllers/Weapons
  artifactKey: Guid(99654bea617dd434aaeaf0fd9cd2eec3) Importer(815301076,1909f56bfc062723c751e8b465ee728b)
Start importing Assets/Resources/Animations/Animator Controllers/Weapons using Guid(99654bea617dd434aaeaf0fd9cd2eec3) Importer(815301076,1909f56bfc062723c751e8b465ee728b)  -> (artifact id: '776676fe2912c7b43097a51d27e1d11c') in 0.009030 seconds 
========================================================================
Received Import Request.
  Time since last request: 1.168448 seconds.
  path: Assets/Resources/Animations/Bow.controller
  artifactKey: Guid(f83259ec16778454f8c2104e985a5d7b) Importer(815301076,1909f56bfc062723c751e8b465ee728b)
Start importing Assets/Resources/Animations/Bow.controller using Guid(f83259ec16778454f8c2104e985a5d7b) Importer(815301076,1909f56bfc062723c751e8b465ee728b)  -> (artifact id: 'cca1c2c9334781b80e45433aea390de7') in 0.013146 seconds 
========================================================================
Received Import Request.
  Time since last request: 91.785589 seconds.
  path: Assets/Resources/Animations/     FBX.txt
  artifactKey: Guid(408c92774a539ea42bb24244e7941b09) Importer(815301076,1909f56bfc062723c751e8b465ee728b)
Start importing Assets/Resources/Animations/     FBX.txt using Guid(408c92774a539ea42bb24244e7941b09) Importer(815301076,1909f56bfc062723c751e8b465ee728b)  -> (artifact id: '9f7b179626e6bbe0e472ec2290e30dc0') in 0.010989 seconds 
========================================================================
Received Import Request.
  Time since last request: 18.776158 seconds.
  path: Assets/Resources/Animations/     FBX, beCrfl.txt
  artifactKey: Guid(408c92774a539ea42bb24244e7941b09) Importer(815301076,1909f56bfc062723c751e8b465ee728b)
Start importing Assets/Resources/Animations/     FBX, beCrfl.txt using Guid(408c92774a539ea42bb24244e7941b09) Importer(815301076,1909f56bfc062723c751e8b465ee728b)  -> (artifact id: '42c3846de3bc03c4fd313f4c182ba3de') in 0.012768 seconds 
========================================================================
Received Import Request.
  Time since last request: 1.639177 seconds.
  path: Assets/Resources/Animations/Aniamtions
  artifactKey: Guid(e7864e6407ad6e043bb5824f755aacb1) Importer(815301076,1909f56bfc062723c751e8b465ee728b)
Start importing Assets/Resources/Animations/Aniamtions using Guid(e7864e6407ad6e043bb5824f755aacb1) Importer(815301076,1909f56bfc062723c751e8b465ee728b)  -> (artifact id: 'b3b5bb14c084272d7747383344fcab56') in 0.009670 seconds 
========================================================================
Received Import Request.
  Time since last request: 12.492828 seconds.
  path: Assets/Resources/Animations/     , beCrfl.txt
  artifactKey: Guid(408c92774a539ea42bb24244e7941b09) Importer(815301076,1909f56bfc062723c751e8b465ee728b)
Start importing Assets/Resources/Animations/     , beCrfl.txt using Guid(408c92774a539ea42bb24244e7941b09) Importer(815301076,1909f56bfc062723c751e8b465ee728b)  -> (artifact id: 'e88efd978ab7a1ee0872ed7c545d4dcd') in 0.010005 seconds 
========================================================================
Received Import Request.
  Time since last request: 42.945167 seconds.
  path: Assets/Resources/Game Data Scriptables
  artifactKey: Guid(913f33e3403d9424ca306138b28dc17e) Importer(815301076,1909f56bfc062723c751e8b465ee728b)
Start importing Assets/Resources/Game Data Scriptables using Guid(913f33e3403d9424ca306138b28dc17e) Importer(815301076,1909f56bfc062723c751e8b465ee728b)  -> (artifact id: '841966b811f4234d2a16a8580796dfd6') in 0.010983 seconds 
========================================================================
Received Import Request.
  Time since last request: 10.090611 seconds.
  path: Assets/Resources/Materials/Skybox
  artifactKey: Guid(e3db5548258276646bc975cd9320342e) Importer(815301076,1909f56bfc062723c751e8b465ee728b)
Start importing Assets/Resources/Materials/Skybox using Guid(e3db5548258276646bc975cd9320342e) Importer(815301076,1909f56bfc062723c751e8b465ee728b)  -> (artifact id: '23c389f577cf833265005242f4b2ee66') in 0.011459 seconds 
========================================================================
Received Import Request.
  Time since last request: 14.228716 seconds.
  path: Assets/Resources/Models/Characters
  artifactKey: Guid(eeeb33e75307c234d9bb48798d1e74e5) Importer(815301076,1909f56bfc062723c751e8b465ee728b)
Start importing Assets/Resources/Models/Characters using Guid(eeeb33e75307c234d9bb48798d1e74e5) Importer(815301076,1909f56bfc062723c751e8b465ee728b)  -> (artifact id: '3e12a18e6465bd60025444664f9ccf3e') in 0.003035 seconds 
========================================================================
Received Import Request.
  Time since last request: 1.131303 seconds.
  path: Assets/Resources/Models/Archer
  artifactKey: Guid(4c09219eb6468bf43919dd109d9b2369) Importer(815301076,1909f56bfc062723c751e8b465ee728b)
Start importing Assets/Resources/Models/Archer using Guid(4c09219eb6468bf43919dd109d9b2369) Importer(815301076,1909f56bfc062723c751e8b465ee728b)  -> (artifact id: '5dabf87ed1d6a1598d83169a1b27d507') in 0.003481 seconds 
========================================================================
Received Import Request.
  Time since last request: 10.759808 seconds.
  path: Assets/Resources/Models/Items
  artifactKey: Guid(fa36eb45919546e45a3aeb7660a99298) Importer(815301076,1909f56bfc062723c751e8b465ee728b)
Start importing Assets/Resources/Models/Items using Guid(fa36eb45919546e45a3aeb7660a99298) Importer(815301076,1909f56bfc062723c751e8b465ee728b)  -> (artifact id: '3d05eadfeec52777a51910195d01e780') in 0.010199 seconds 
========================================================================
Received Import Request.
  Time since last request: 7.110086 seconds.
  path: Assets/Resources/Models/Weapons
  artifactKey: Guid(e12c478f5f920ef4ab31cf968476a577) Importer(815301076,1909f56bfc062723c751e8b465ee728b)
Start importing Assets/Resources/Models/Weapons using Guid(e12c478f5f920ef4ab31cf968476a577) Importer(815301076,1909f56bfc062723c751e8b465ee728b)  -> (artifact id: '7d75433dadae116a4a71a4e2c0059487') in 0.003451 seconds 
========================================================================
Received Import Request.
  Time since last request: 2.130780 seconds.
  path: Assets/Resources/Models/lowpoly-dungeon-game-props
  artifactKey: Guid(6aaa714d9e4f3fe40b729b1d8011ee40) Importer(815301076,1909f56bfc062723c751e8b465ee728b)
Start importing Assets/Resources/Models/lowpoly-dungeon-game-props using Guid(6aaa714d9e4f3fe40b729b1d8011ee40) Importer(815301076,1909f56bfc062723c751e8b465ee728b)  -> (artifact id: '69a9427ac42af262272bfc180e20d957') in 0.010393 seconds 
========================================================================
Received Import Request.
  Time since last request: 1.026822 seconds.
  path: Assets/Resources/Models/Zombe
  artifactKey: Guid(fc8634df3028d694ead3dc851c8fde01) Importer(815301076,1909f56bfc062723c751e8b465ee728b)
Start importing Assets/Resources/Models/Zombe using Guid(fc8634df3028d694ead3dc851c8fde01) Importer(815301076,1909f56bfc062723c751e8b465ee728b)  -> (artifact id: 'dd4ac43f101a383ee2f42d34ef039358') in 0.010771 seconds 
========================================================================
Received Import Request.
  Time since last request: 38.637266 seconds.
  path: Assets/Resources/Models/Scene Structure
  artifactKey: Guid(1173cb0ce8c71a543bb44e95d56c06c5) Importer(815301076,1909f56bfc062723c751e8b465ee728b)
Start importing Assets/Resources/Models/Scene Structure using Guid(1173cb0ce8c71a543bb44e95d56c06c5) Importer(815301076,1909f56bfc062723c751e8b465ee728b)  -> (artifact id: '13e0994315bfd7560dee61b94929588f') in 0.010525 seconds 
========================================================================
Received Import Request.
  Time since last request: 1.771551 seconds.
  path: Assets/Resources/Models/Stones_and_buried_treasure
  artifactKey: Guid(718d256061083d44d958ba2d90a738e1) Importer(815301076,1909f56bfc062723c751e8b465ee728b)
Start importing Assets/Resources/Models/Stones_and_buried_treasure using Guid(718d256061083d44d958ba2d90a738e1) Importer(815301076,1909f56bfc062723c751e8b465ee728b)  -> (artifact id: '9c062752b89af18077c34d724c46897d') in 0.010366 seconds 
========================================================================
Received Import Request.
  Time since last request: 4.330830 seconds.
  path: Assets/Resources/Models/Skeleton
  artifactKey: Guid(2a2f2bb06db87d5408375cc026eb69c7) Importer(815301076,1909f56bfc062723c751e8b465ee728b)
Start importing Assets/Resources/Models/Skeleton using Guid(2a2f2bb06db87d5408375cc026eb69c7) Importer(815301076,1909f56bfc062723c751e8b465ee728b)  -> (artifact id: '92c3a7ab541c89d700fa00aa50cccaee') in 0.012846 seconds 
========================================================================
Received Import Request.
  Time since last request: 4.275053 seconds.
  path: Assets/Resources/Models/Structure
  artifactKey: Guid(1173cb0ce8c71a543bb44e95d56c06c5) Importer(815301076,1909f56bfc062723c751e8b465ee728b)
Start importing Assets/Resources/Models/Structure using Guid(1173cb0ce8c71a543bb44e95d56c06c5) Importer(815301076,1909f56bfc062723c751e8b465ee728b)  -> (artifact id: '2cf2f5bcf99f10474c9a80c6747c6932') in 0.009218 seconds 
========================================================================
Received Import Request.
  Time since last request: 4.310199 seconds.
  path: Assets/Resources/Models/Bow
  artifactKey: Guid(107e16fa4a9991b4b956b826c044bdd5) Importer(815301076,1909f56bfc062723c751e8b465ee728b)
Start importing Assets/Resources/Models/Bow using Guid(107e16fa4a9991b4b956b826c044bdd5) Importer(815301076,1909f56bfc062723c751e8b465ee728b)  -> (artifact id: 'a8e04871b3a4772b19ebeb2ed5f38969') in 0.003271 seconds 
========================================================================
Received Import Request.
  Time since last request: 17.344455 seconds.
  path: Assets/Resources/Models/LvlStructure
  artifactKey: Guid(1173cb0ce8c71a543bb44e95d56c06c5) Importer(815301076,1909f56bfc062723c751e8b465ee728b)
Start importing Assets/Resources/Models/LvlStructure using Guid(1173cb0ce8c71a543bb44e95d56c06c5) Importer(815301076,1909f56bfc062723c751e8b465ee728b)  -> (artifact id: 'd26d4344a756c8be78941b562bce9eec') in 0.009998 seconds 
========================================================================
Received Import Request.
  Time since last request: 9.882366 seconds.
  path: Assets/Resources/Models/Characters/Low Poly Male Character by alicewithalex
  artifactKey: Guid(b0bfb833e20c594409bd4c949bec0208) Importer(815301076,1909f56bfc062723c751e8b465ee728b)
Start importing Assets/Resources/Models/Characters/Low Poly Male Character by alicewithalex using Guid(b0bfb833e20c594409bd4c949bec0208) Importer(815301076,1909f56bfc062723c751e8b465ee728b)  -> (artifact id: 'be0f98633a4418130c05d783d87161be') in 0.011607 seconds 
========================================================================
Received Import Request.
  Time since last request: 38.966438 seconds.
  path: Assets/Resources/Prefubs/Items
  artifactKey: Guid(50112dbaa0c36a24686b82f0137bb596) Importer(815301076,1909f56bfc062723c751e8b465ee728b)
Start importing Assets/Resources/Prefubs/Items using Guid(50112dbaa0c36a24686b82f0137bb596) Importer(815301076,1909f56bfc062723c751e8b465ee728b)  -> (artifact id: 'f48b0b321b6bb292765a9afd9b926345') in 0.003472 seconds 
========================================================================
Received Import Request.
  Time since last request: 6.971538 seconds.
  path: Assets/Resources/Prefubs/LvlStructure
  artifactKey: Guid(ce7ff1904164581478fbffcbb85414a0) Importer(815301076,1909f56bfc062723c751e8b465ee728b)
Start importing Assets/Resources/Prefubs/LvlStructure using Guid(ce7ff1904164581478fbffcbb85414a0) Importer(815301076,1909f56bfc062723c751e8b465ee728b)  -> (artifact id: '843b20ffeb16357038488c5aca80b6a4') in 0.003572 seconds 
========================================================================
Received Import Request.
  Time since last request: 2.443517 seconds.
  path: Assets/Resources/Prefubs/Box Sides.prefab
  artifactKey: Guid(71ae59587866c994a93dc3946ee16d1b) Importer(815301076,1909f56bfc062723c751e8b465ee728b)
Start importing Assets/Resources/Prefubs/Box Sides.prefab using Guid(71ae59587866c994a93dc3946ee16d1b) Importer(815301076,1909f56bfc062723c751e8b465ee728b)  -> (artifact id: '9418d70d14b266cf8f33a14a9fb4a311') in 0.054127 seconds 
========================================================================
Received Import Request.
  Time since last request: 1.024873 seconds.
  path: Assets/Resources/Prefubs/Basic Block.prefab
  artifactKey: Guid(89a322feaff8e414b8e6d0bfd223d671) Importer(815301076,1909f56bfc062723c751e8b465ee728b)
Start importing Assets/Resources/Prefubs/Basic Block.prefab using Guid(89a322feaff8e414b8e6d0bfd223d671) Importer(815301076,1909f56bfc062723c751e8b465ee728b)  -> (artifact id: '775e42a0e9d0314617f670c760c09bb1') in 0.016434 seconds 
========================================================================
Received Import Request.
  Time since last request: 4.464997 seconds.
  path: Assets/Resources/Prefubs/Level Structure Element.prefab
  artifactKey: Guid(37b8b96ffdf8f7845b24615ba7b8344f) Importer(815301076,1909f56bfc062723c751e8b465ee728b)
Start importing Assets/Resources/Prefubs/Level Structure Element.prefab using Guid(37b8b96ffdf8f7845b24615ba7b8344f) Importer(815301076,1909f56bfc062723c751e8b465ee728b)  -> (artifact id: '28ca7bb9ae3f61912ab2f7e37a5de33b') in 0.016148 seconds 
========================================================================
Received Import Request.
  Time since last request: 6.851210 seconds.
  path: Assets/Resources/Prefubs/LvlGenerator.prefab
  artifactKey: Guid(1d38093fd4fe2764eb0ecc2b63a8bbd1) Importer(815301076,1909f56bfc062723c751e8b465ee728b)
Start importing Assets/Resources/Prefubs/LvlGenerator.prefab using Guid(1d38093fd4fe2764eb0ecc2b63a8bbd1) Importer(815301076,1909f56bfc062723c751e8b465ee728b)  -> (artifact id: 'c1c4742a5d81fadac2268efce2e822c1') in 0.015381 seconds 
========================================================================
Received Import Request.
  Time since last request: 6.148460 seconds.
  path: Assets/Resources/Prefubs/Top Plane (00).prefab
  artifactKey: Guid(b9b3864ef72f0e941a45cb598ceab206) Importer(815301076,1909f56bfc062723c751e8b465ee728b)
Start importing Assets/Resources/Prefubs/Top Plane (00).prefab using Guid(b9b3864ef72f0e941a45cb598ceab206) Importer(815301076,1909f56bfc062723c751e8b465ee728b)  -> (artifact id: '3c5eb4e4a9834af36155408b174d2b63') in 0.014355 seconds 
========================================================================
Received Import Request.
  Time since last request: 15.485902 seconds.
  path: Assets/Resources/Prefubs/UI
  artifactKey: Guid(4a56f26f6109acc48b1884348fbe14f9) Importer(815301076,1909f56bfc062723c751e8b465ee728b)
Start importing Assets/Resources/Prefubs/UI using Guid(4a56f26f6109acc48b1884348fbe14f9) Importer(815301076,1909f56bfc062723c751e8b465ee728b)  -> (artifact id: '3ad143f4a1ffecd30045346190bf4f42') in 0.016766 seconds 
========================================================================
Received Import Request.
  Time since last request: 3.995639 seconds.
  path: Assets/Resources/Prefubs/Characters
  artifactKey: Guid(b0fbf984110d2c648b894e59a99ed530) Importer(815301076,1909f56bfc062723c751e8b465ee728b)
Start importing Assets/Resources/Prefubs/Characters using Guid(b0fbf984110d2c648b894e59a99ed530) Importer(815301076,1909f56bfc062723c751e8b465ee728b)  -> (artifact id: 'a26e09e25003a05b5bb693c355c2b8ff') in 0.003052 seconds 
========================================================================
Received Import Request.
  Time since last request: 1.105227 seconds.
  path: Assets/Resources/Prefubs/Weapons
  artifactKey: Guid(130297661615d6b4d891a5e84600fb1e) Importer(815301076,1909f56bfc062723c751e8b465ee728b)
Start importing Assets/Resources/Prefubs/Weapons using Guid(130297661615d6b4d891a5e84600fb1e) Importer(815301076,1909f56bfc062723c751e8b465ee728b)  -> (artifact id: '3f1ba7a070ef139fa30c74cfa7c97bed') in 0.003590 seconds 
========================================================================
Received Import Request.
  Time since last request: 25.375956 seconds.
  path: Assets/Resources/Prefubs/System
  artifactKey: Guid(0983221eea6da2149916452e66a57e0d) Importer(815301076,1909f56bfc062723c751e8b465ee728b)
Start importing Assets/Resources/Prefubs/System using Guid(0983221eea6da2149916452e66a57e0d) Importer(815301076,1909f56bfc062723c751e8b465ee728b)  -> (artifact id: '5801c0105c2da85806bcf99dc135733d') in 0.011472 seconds 
========================================================================
Received Import Request.
  Time since last request: 16.336779 seconds.
  path: Assets/Resources/Sprites/EmojiOne.png
  artifactKey: Guid(dffef66376be4fa480fb02b19edbe903) Importer(815301076,1909f56bfc062723c751e8b465ee728b)
Start importing Assets/Resources/Sprites/EmojiOne.png using Guid(dffef66376be4fa480fb02b19edbe903) Importer(815301076,1909f56bfc062723c751e8b465ee728b)  -> (artifact id: '4ec711ca3ef0ffd0774f71663e2f0232') in 0.090132 seconds 
========================================================================
Received Import Request.
  Time since last request: 1.387819 seconds.
  path: Assets/Resources/Sprites/UI
  artifactKey: Guid(e84cc313aec3ec04f8de82d217f05d96) Importer(815301076,1909f56bfc062723c751e8b465ee728b)
Start importing Assets/Resources/Sprites/UI using Guid(e84cc313aec3ec04f8de82d217f05d96) Importer(815301076,1909f56bfc062723c751e8b465ee728b)  -> (artifact id: '213f815e3ebbe725b9058ba32466f9e8') in 0.010376 seconds 
========================================================================
Received Import Request.
  Time since last request: 5.608188 seconds.
  path: Assets/Resources/Sprites/UI/grey_tickWhite.png
  artifactKey: Guid(4d9ee89424292d545948bbec699bac68) Importer(815301076,1909f56bfc062723c751e8b465ee728b)
Start importing Assets/Resources/Sprites/UI/grey_tickWhite.png using Guid(4d9ee89424292d545948bbec699bac68) Importer(815301076,1909f56bfc062723c751e8b465ee728b)  -> (artifact id: 'f020aceaf000b419ef2133020ef38b63') in 0.043543 seconds 
========================================================================
Received Import Request.
  Time since last request: 3.201870 seconds.
  path: Assets/Resources/Sprites/UI/grey_button11.png
  artifactKey: Guid(162efec5a5cfdd34db28d098832f3141) Importer(815301076,1909f56bfc062723c751e8b465ee728b)
Start importing Assets/Resources/Sprites/UI/grey_button11.png using Guid(162efec5a5cfdd34db28d098832f3141) Importer(815301076,1909f56bfc062723c751e8b465ee728b)  -> (artifact id: '82ea532624d75df6f8f92d141157bda0') in 0.027477 seconds 
========================================================================
Received Import Request.
  Time since last request: 5.294037 seconds.
  path: Assets/Resources/Sprites/Chest.png
  artifactKey: Guid(8a52d51552636ec4e944a99f49df3412) Importer(815301076,1909f56bfc062723c751e8b465ee728b)
Start importing Assets/Resources/Sprites/Chest.png using Guid(8a52d51552636ec4e944a99f49df3412) Importer(815301076,1909f56bfc062723c751e8b465ee728b)  -> (artifact id: 'fe0934fd7e237fb214d586388ef655a2') in 0.083418 seconds 
========================================================================
Received Import Request.
  Time since last request: 86.235208 seconds.
  path: Assets/Resources/Textures
  artifactKey: Guid(b14329320151b3f4d988e0d60efe5371) Importer(815301076,1909f56bfc062723c751e8b465ee728b)
Start importing Assets/Resources/Textures using Guid(b14329320151b3f4d988e0d60efe5371) Importer(815301076,1909f56bfc062723c751e8b465ee728b)  -> (artifact id: '140d54df8a80efd2bd4ff695b7508a75') in 0.011634 seconds 
========================================================================
Received Import Request.
  Time since last request: 83.795212 seconds.
  path: Assets/Resources/Sprites/Logo
  artifactKey: Guid(e554916e384a57e4a9e1f469a92eba1b) Importer(815301076,1909f56bfc062723c751e8b465ee728b)
Start importing Assets/Resources/Sprites/Logo using Guid(e554916e384a57e4a9e1f469a92eba1b) Importer(815301076,1909f56bfc062723c751e8b465ee728b)  -> (artifact id: '7acfc46e75d3c3bb031a41f914711281') in 0.010177 seconds 
========================================================================
Received Import Request.
  Time since last request: 4.967355 seconds.
  path: Assets/Resources/Sprites/Logos
  artifactKey: Guid(e554916e384a57e4a9e1f469a92eba1b) Importer(815301076,1909f56bfc062723c751e8b465ee728b)
Start importing Assets/Resources/Sprites/Logos using Guid(e554916e384a57e4a9e1f469a92eba1b) Importer(815301076,1909f56bfc062723c751e8b465ee728b)  -> (artifact id: '3e47274811c10d3566eec04a8676fb19') in 0.009531 seconds 
========================================================================
Received Import Request.
  Time since last request: 61.554558 seconds.
  path: Assets/Resources/Sprites/Logo/Chest o' Rupees by Alex Pasquarella.png
  artifactKey: Guid(116371c33f22de743841f6c51865709d) Importer(815301076,1909f56bfc062723c751e8b465ee728b)
Start importing Assets/Resources/Sprites/Logo/Chest o' Rupees by Alex Pasquarella.png using Guid(116371c33f22de743841f6c51865709d) Importer(815301076,1909f56bfc062723c751e8b465ee728b)  -> (artifact id: 'ae7a8732cf9c92ff74f2e6119b10aaac') in 0.081385 seconds 
========================================================================
Received Import Request.
  Time since last request: 0.500615 seconds.
  path: Assets/Resources/Sprites/Logo/Duck by Kasturi Lal.png
  artifactKey: Guid(347f3eab0825bb041b42aeb12bcc6c66) Importer(815301076,1909f56bfc062723c751e8b465ee728b)
Start importing Assets/Resources/Sprites/Logo/Duck by Kasturi Lal.png using Guid(347f3eab0825bb041b42aeb12bcc6c66) Importer(815301076,1909f56bfc062723c751e8b465ee728b)  -> (artifact id: 'f38ad4ecbad70a41d4ea82a2836b63ea') in 0.046076 seconds 
========================================================================
Received Import Request.
  Time since last request: 114.756760 seconds.
  path: Assets/Resources/Sprites/Characters
  artifactKey: Guid(30a2d468077a11b45ac6f70a74b12943) Importer(815301076,1909f56bfc062723c751e8b465ee728b)
Start importing Assets/Resources/Sprites/Characters using Guid(30a2d468077a11b45ac6f70a74b12943) Importer(815301076,1909f56bfc062723c751e8b465ee728b)  -> (artifact id: '03dca883fef6472063fd9e241f8882a1') in 0.005759 seconds 
========================================================================
Received Import Request.
  Time since last request: 4.071116 seconds.
  path: Assets/Resources/Sprites/Items
  artifactKey: Guid(174b561e9a6a1e049a090a8e0ce461d1) Importer(815301076,1909f56bfc062723c751e8b465ee728b)
Start importing Assets/Resources/Sprites/Items using Guid(174b561e9a6a1e049a090a8e0ce461d1) Importer(815301076,1909f56bfc062723c751e8b465ee728b)  -> (artifact id: 'edcbafe8593aa33ae9f480e05e0cd46e') in 0.008634 seconds 
========================================================================
Received Import Request.
  Time since last request: 6.255273 seconds.
  path: Assets/Resources/Sprites/Weapons
  artifactKey: Guid(237e879f70fd4a843b9de3d06986fb27) Importer(815301076,1909f56bfc062723c751e8b465ee728b)
Start importing Assets/Resources/Sprites/Weapons using Guid(237e879f70fd4a843b9de3d06986fb27) Importer(815301076,1909f56bfc062723c751e8b465ee728b)  -> (artifact id: '50d5ce5faab7cf70765efdb30dea49e7') in 0.003494 seconds 
========================================================================
Received Import Request.
  Time since last request: 4.679877 seconds.
  path: Assets/Resources/Sprites/LvlStructure
  artifactKey: Guid(7267dc3599120554fb44e84bb2c05a05) Importer(815301076,1909f56bfc062723c751e8b465ee728b)
Start importing Assets/Resources/Sprites/LvlStructure using Guid(7267dc3599120554fb44e84bb2c05a05) Importer(815301076,1909f56bfc062723c751e8b465ee728b)  -> (artifact id: '30c3d98c2b96fc82b66d135e541e2e95') in 0.002966 seconds 
========================================================================
Received Import Request.
  Time since last request: 17.592612 seconds.
  path: Assets/Resources/Sprites/UI/TMPro
  artifactKey: Guid(b9adbfa748e0f524cbc92e9467af74ee) Importer(815301076,1909f56bfc062723c751e8b465ee728b)
Start importing Assets/Resources/Sprites/UI/TMPro using Guid(b9adbfa748e0f524cbc92e9467af74ee) Importer(815301076,1909f56bfc062723c751e8b465ee728b)  -> (artifact id: 'c221c6df483b451ca7780ed7f3931cb9') in 0.003150 seconds 
========================================================================
Received Import Request.
  Time since last request: 1.022122 seconds.
  path: Assets/Resources/Sprites/EmojiOne Attribution.txt
  artifactKey: Guid(381dcb09d5029d14897e55f98031fca5) Importer(815301076,1909f56bfc062723c751e8b465ee728b)
Start importing Assets/Resources/Sprites/EmojiOne Attribution.txt using Guid(381dcb09d5029d14897e55f98031fca5) Importer(815301076,1909f56bfc062723c751e8b465ee728b)  -> (artifact id: '2b146bf0b0082f98a3ffb14ed0df1e9d') in 0.012902 seconds 
========================================================================
Received Import Request.
  Time since last request: 7.786823 seconds.
  path: Assets/Resources/Sprites/UI/TMPro/EmojiOne.json
  artifactKey: Guid(8f05276190cf498a8153f6cbe761d4e6) Importer(815301076,1909f56bfc062723c751e8b465ee728b)
Start importing Assets/Resources/Sprites/UI/TMPro/EmojiOne.json using Guid(8f05276190cf498a8153f6cbe761d4e6) Importer(815301076,1909f56bfc062723c751e8b465ee728b)  -> (artifact id: '59f883daf60c52c777a20c0396cffba3') in 0.019574 seconds 
========================================================================
Received Import Request.
  Time since last request: 55.842853 seconds.
  path: Assets/Resources/Sprites/System
  artifactKey: Guid(d116980a04267754fb9141a75aadd9ec) Importer(815301076,1909f56bfc062723c751e8b465ee728b)
Start importing Assets/Resources/Sprites/System using Guid(d116980a04267754fb9141a75aadd9ec) Importer(815301076,1909f56bfc062723c751e8b465ee728b)  -> (artifact id: '8d7e2179d57003959dbe150b3c45dd20') in 0.003597 seconds 
========================================================================
Received Import Request.
  Time since last request: 67.558424 seconds.
  path: Assets/Resources/Sprites/Tiles
  artifactKey: Guid(69f01ae97249ac3428ca673b8774dc9e) Importer(815301076,1909f56bfc062723c751e8b465ee728b)
Start importing Assets/Resources/Sprites/Tiles using Guid(69f01ae97249ac3428ca673b8774dc9e) Importer(815301076,1909f56bfc062723c751e8b465ee728b)  -> (artifact id: 'fa655361a41d2eecf8fe6b74815740ca') in 0.009209 seconds 
========================================================================
Received Import Request.
  Time since last request: 25.833758 seconds.
  path: Assets/Resources/Sprites/Tiles/TileReadyTexture
  artifactKey: Guid(b37f90d6893d10347adc8420db22955d) Importer(815301076,1909f56bfc062723c751e8b465ee728b)
Start importing Assets/Resources/Sprites/Tiles/TileReadyTexture using Guid(b37f90d6893d10347adc8420db22955d) Importer(815301076,1909f56bfc062723c751e8b465ee728b)  -> (artifact id: '87800438d9ea5d6a096e1ec76012b4a6') in 0.010679 seconds 
========================================================================
Received Import Request.
  Time since last request: 28.295038 seconds.
  path: Assets/Resources/Sprites/Tiles/Tiles Texture
  artifactKey: Guid(b37f90d6893d10347adc8420db22955d) Importer(815301076,1909f56bfc062723c751e8b465ee728b)
Start importing Assets/Resources/Sprites/Tiles/Tiles Texture using Guid(b37f90d6893d10347adc8420db22955d) Importer(815301076,1909f56bfc062723c751e8b465ee728b)  -> (artifact id: '2839203ffaac561d9f6c305ce5ac4b4b') in 0.010139 seconds 
========================================================================
Received Import Request.
  Time since last request: 361.064597 seconds.
  path: Assets/Resources/Sprites/Tiles/Texture
  artifactKey: Guid(8d325a4684c73d94c97abe47776b12bb) Importer(815301076,1909f56bfc062723c751e8b465ee728b)
Start importing Assets/Resources/Sprites/Tiles/Texture using Guid(8d325a4684c73d94c97abe47776b12bb) Importer(815301076,1909f56bfc062723c751e8b465ee728b)  -> (artifact id: '614c2284c9e705a5b1d04640454f1e32') in 0.009851 seconds 
========================================================================
Received Import Request.
  Time since last request: 123.879741 seconds.
  path: Assets/Resources/Sprites/Background
  artifactKey: Guid(81b91daf36791fe429e22051d4fe06a8) Importer(815301076,1909f56bfc062723c751e8b465ee728b)
Start importing Assets/Resources/Sprites/Background using Guid(81b91daf36791fe429e22051d4fe06a8) Importer(815301076,1909f56bfc062723c751e8b465ee728b)  -> (artifact id: '8e69b7220cf6fcd0ab20da048c5fb623') in 0.010517 seconds 
========================================================================
Received Import Request.
  Time since last request: 44.975648 seconds.
  path: Assets/Resources/Audio
  artifactKey: Guid(4b1de8dc2911dce4591f42fbcd90128e) Importer(815301076,1909f56bfc062723c751e8b465ee728b)
Start importing Assets/Resources/Audio using Guid(4b1de8dc2911dce4591f42fbcd90128e) Importer(815301076,1909f56bfc062723c751e8b465ee728b)  -> (artifact id: '64c2fc28cceda8d96e557d80cd33c0ac') in 0.010214 seconds 
========================================================================
Received Import Request.
  Time since last request: 49.318870 seconds.
  path: Assets/Resources/Audio/SFX
  artifactKey: Guid(df8e80cca3e2a314cbcf4309e32e1d4b) Importer(815301076,1909f56bfc062723c751e8b465ee728b)
Start importing Assets/Resources/Audio/SFX using Guid(df8e80cca3e2a314cbcf4309e32e1d4b) Importer(815301076,1909f56bfc062723c751e8b465ee728b)  -> (artifact id: '6cb8caa9824b2a7dbd98709845cf778a') in 0.011422 seconds 
========================================================================
Received Import Request.
  Time since last request: 11.276541 seconds.
  path: Assets/Resources/Audio/SFX/ui
  artifactKey: Guid(cbfb7b780fd56c14c8867e483cbbfabf) Importer(815301076,1909f56bfc062723c751e8b465ee728b)
Start importing Assets/Resources/Audio/SFX/ui using Guid(cbfb7b780fd56c14c8867e483cbbfabf) Importer(815301076,1909f56bfc062723c751e8b465ee728b)  -> (artifact id: 'd30f54d14bbffe3aa4813dd7fb4a8be3') in 0.009843 seconds 
========================================================================
Received Import Request.
  Time since last request: 6.150518 seconds.
  path: Assets/Resources/Audio/SFX/UI
  artifactKey: Guid(cbfb7b780fd56c14c8867e483cbbfabf) Importer(815301076,1909f56bfc062723c751e8b465ee728b)
Start importing Assets/Resources/Audio/SFX/UI using Guid(cbfb7b780fd56c14c8867e483cbbfabf) Importer(815301076,1909f56bfc062723c751e8b465ee728b)  -> (artifact id: 'a5dd596af810bd25467afed4d8774331') in 0.002890 seconds 
========================================================================
Received Import Request.
  Time since last request: 25.658087 seconds.
  path: Assets/Resources/Audio/Music
  artifactKey: Guid(fd0202c2591bff64e9d7f276c43ce0e5) Importer(815301076,1909f56bfc062723c751e8b465ee728b)
Start importing Assets/Resources/Audio/Music using Guid(fd0202c2591bff64e9d7f276c43ce0e5) Importer(815301076,1909f56bfc062723c751e8b465ee728b)  -> (artifact id: '435938d7e980737260d164adf60ee470') in 0.009535 seconds 
========================================================================
Received Import Request.
  Time since last request: 52.261267 seconds.
  path: Assets/Resources/Game Scriptables
  artifactKey: Guid(913f33e3403d9424ca306138b28dc17e) Importer(815301076,1909f56bfc062723c751e8b465ee728b)
Start importing Assets/Resources/Game Scriptables using Guid(913f33e3403d9424ca306138b28dc17e) Importer(815301076,1909f56bfc062723c751e8b465ee728b)  -> (artifact id: 'c10760b00203de42abc351c99aa29efd') in 0.011926 seconds 
========================================================================
Received Import Request.
  Time since last request: 34.018807 seconds.
  path: Assets/Resources/Game ScriptObj
  artifactKey: Guid(913f33e3403d9424ca306138b28dc17e) Importer(815301076,1909f56bfc062723c751e8b465ee728b)
Start importing Assets/Resources/Game ScriptObj using Guid(913f33e3403d9424ca306138b28dc17e) Importer(815301076,1909f56bfc062723c751e8b465ee728b)  -> (artifact id: 'dff9b1ce5d3c1b616e8b94bc236b6b5f') in 0.011704 seconds 
========================================================================
Received Import Request.
  Time since last request: 24.651216 seconds.
  path: Assets/Resources/Scriptable Objects
  artifactKey: Guid(913f33e3403d9424ca306138b28dc17e) Importer(815301076,1909f56bfc062723c751e8b465ee728b)
Start importing Assets/Resources/Scriptable Objects using Guid(913f33e3403d9424ca306138b28dc17e) Importer(815301076,1909f56bfc062723c751e8b465ee728b)  -> (artifact id: '577104ef25de43da86d46bd0dba241c1') in 0.009427 seconds 
========================================================================
Received Import Request.
  Time since last request: 22.829404 seconds.
  path: Assets/Resources/Scriptable Objects/System
  artifactKey: Guid(b2fb46e2a51a0e248ba5003b1955f087) Importer(815301076,1909f56bfc062723c751e8b465ee728b)
Start importing Assets/Resources/Scriptable Objects/System using Guid(b2fb46e2a51a0e248ba5003b1955f087) Importer(815301076,1909f56bfc062723c751e8b465ee728b)  -> (artifact id: '6d75fd72166f37f10d7b8133df8302d3') in 0.003485 seconds 
========================================================================
Received Import Request.
  Time since last request: 81.329151 seconds.
  path: Assets/Resources/Fame Scriptable
  artifactKey: Guid(913f33e3403d9424ca306138b28dc17e) Importer(815301076,1909f56bfc062723c751e8b465ee728b)
Start importing Assets/Resources/Fame Scriptable using Guid(913f33e3403d9424ca306138b28dc17e) Importer(815301076,1909f56bfc062723c751e8b465ee728b)  -> (artifact id: '7bb592f4f3e40d896ea098d9207fc811') in 0.012865 seconds 
========================================================================
Received Import Request.
  Time since last request: 4.770870 seconds.
  path: Assets/Resources/Game Scriptable
  artifactKey: Guid(913f33e3403d9424ca306138b28dc17e) Importer(815301076,1909f56bfc062723c751e8b465ee728b)
Start importing Assets/Resources/Game Scriptable using Guid(913f33e3403d9424ca306138b28dc17e) Importer(815301076,1909f56bfc062723c751e8b465ee728b)  -> (artifact id: '63882da83c99657437f87e4d59244561') in 0.011048 seconds 
========================================================================
Received Prepare
Registering precompiled user dll's ...
Registered in 0.011314 seconds.
Begin MonoManager ReloadAssembly
Symbol file LoadedFromMemory is not a mono symbol file
Native extension for LinuxStandalone target not found
Native extension for WindowsStandalone target not found
Native extension for iOS target not found
Native extension for Android target not found
Refreshing native plugins compatible for Editor in 1.22 ms, found 2 plugins.
Preloading 0 native plugins for Editor in 0.00 ms.
Warning: Annotation not found!
UnityEngine.StackTraceUtility:ExtractStackTrace ()
UnityEditor.ProBuilder.EditorUtility:SetGizmoIconEnabled (System.Type,bool) (at Library/PackageCache/com.unity.probuilder@5.0.3/Editor/EditorCore/EditorUtility.cs:575)
UnityEditor.ProBuilder.HierarchyListener:.cctor () (at Library/PackageCache/com.unity.probuilder@5.0.3/Editor/EditorCore/HierarchyListener.cs:21)
System.Runtime.CompilerServices.RuntimeHelpers:RunClassConstructor (System.RuntimeTypeHandle)
UnityEditor.EditorAssemblies:ProcessInitializeOnLoadAttributes (System.Type[])

[Library/PackageCache/com.unity.probuilder@5.0.3/Editor/EditorCore/EditorUtility.cs line 575]

Mono: successfully reloaded assembly
- Completed reload, in  6.435 seconds
Domain Reload Profiling:
	ReloadAssembly (6437ms)
		BeginReloadAssembly (1249ms)
			ExecutionOrderSort (0ms)
			DisableScriptedObjects (179ms)
			BackupInstance (0ms)
			ReleaseScriptingObjects (0ms)
			CreateAndSetChildDomain (350ms)
		EndReloadAssembly (3932ms)
			LoadAssemblies (650ms)
			RebuildTransferFunctionScriptingTraits (9ms)
			SetupTypeCache (1008ms)
			ReleaseScriptCaches (20ms)
			RebuildScriptCaches (164ms)
			SetupLoadedEditorAssemblies (1935ms)
				LogAssemblyErrors (0ms)
				InitializePlatformSupportModulesInManaged (148ms)
				SetLoadedEditorAssemblies (2ms)
				RefreshPlugins (1ms)
				BeforeProcessingInitializeOnLoad (301ms)
				ProcessInitializeOnLoadAttributes (1197ms)
				ProcessInitializeOnLoadMethodAttributes (244ms)
				AfterProcessingInitializeOnLoad (41ms)
				EditorAssembliesLoaded (0ms)
			ExecutionOrderSort2 (0ms)
			AwakeInstancesAfterBackupRestoration (30ms)
Platform modules already initialized, skipping
Refreshing native plugins compatible for Editor in 4.81 ms, found 2 plugins.
Preloading 0 native plugins for Editor in 0.00 ms.
Unloading 3973 Unused Serialized files (Serialized files now loaded: 0)
Unloading 24 unused Assets / (0.8 MB). Loaded Objects now: 4747.
Memory consumption went from 181.8 MB to 181.0 MB.
Total: 10.495900 ms (FindLiveObjects: 0.453200 ms CreateObjectMapping: 0.334700 ms MarkObjects: 9.157100 ms  DeleteObjects: 0.549000 ms)

AssetImportParameters requested are different than current active one (requested -> active):
  custom:video-decoder-ogg-theora: a1e56fd34408186e4bbccfd4996cb3dc -> 
  custom:container-muxer-webm: aa71ff27fc2769a1b78a27578f13a17b -> 
  custom:container-demuxer-webm: 4f35f7cbe854078d1ac9338744f61a02 -> 
  custom:video-encoder-webm-vp8: eb34c28f22e8b96e1ab97ce403110664 -> 
  custom:audio-encoder-webm-vorbis: bf7c407c2cedff20999df2af8eb42d56 -> 
  custom:framework-win-MediaFoundation: 216162199b28c13a410421893ffa2e32 -> 
  custom:container-demuxer-ogg: 62fdf1f143b41e24485cea50d1cbac27 -> 
  custom:video-decoder-webm-vp8: 9c59270c3fd7afecdb556c50c9e8de78 -> 
  custom:audio-decoder-ogg-vorbis: bf7c407c2cedff20999df2af8eb42d56 -> 
